
Logged from file : /var/www/ecommerce/index.php, at  line number :57 on October 25, 2014, 1:03 pm
   
____________________________________________________________________________________________________

Logged from file : /var/www/ecommerce/index.php, at  line number :57 on October 25, 2014, 1:04 pm
  Exception Object
(
    [message:protected] => 
    [string:Exception:private] => 
    [code:protected] => 0
    [file:protected] => /var/www/ecommerce/index.php
    [line:protected] => 54
    [trace:Exception:private] => Array
        (
        )

    [previous:Exception:private] => 
    [xdebug_message] => <tr><th align='left' bgcolor='#f57900' colspan="5"><span style='background-color: #cc0000; color: #fce94f; font-size: x-large;'>( ! )</span> Exception:  in /var/www/ecommerce/index.php on line <i>54</i></th></tr>
<tr><th align='left' bgcolor='#e9b96e' colspan='5'>Call Stack</th></tr>
<tr><th align='center' bgcolor='#eeeeec'>#</th><th align='left' bgcolor='#eeeeec'>Time</th><th align='left' bgcolor='#eeeeec'>Memory</th><th align='left' bgcolor='#eeeeec'>Function</th><th align='left' bgcolor='#eeeeec'>Location</th></tr>
<tr><td bgcolor='#eeeeec' align='center'>1</td><td bgcolor='#eeeeec' align='center'>0.0006</td><td bgcolor='#eeeeec' align='right'>233696</td><td bgcolor='#eeeeec'>{main}(  )</td><td title='/var/www/ecommerce/index.php' bgcolor='#eeeeec'>../index.php<b>:</b>0</td></tr>

)
 
____________________________________________________________________________________________________

Logged from file : /var/www/ecommerce/index.php, at  line number :57 on October 25, 2014, 1:04 pm
  Exception Object
(
    [message:protected] => 
    [string:Exception:private] => 
    [code:protected] => 0
    [file:protected] => /var/www/ecommerce/index.php
    [line:protected] => 54
    [trace:Exception:private] => Array
        (
        )

    [previous:Exception:private] => 
    [xdebug_message] => <tr><th align='left' bgcolor='#f57900' colspan="5"><span style='background-color: #cc0000; color: #fce94f; font-size: x-large;'>( ! )</span> Exception:  in /var/www/ecommerce/index.php on line <i>54</i></th></tr>
<tr><th align='left' bgcolor='#e9b96e' colspan='5'>Call Stack</th></tr>
<tr><th align='center' bgcolor='#eeeeec'>#</th><th align='left' bgcolor='#eeeeec'>Time</th><th align='left' bgcolor='#eeeeec'>Memory</th><th align='left' bgcolor='#eeeeec'>Function</th><th align='left' bgcolor='#eeeeec'>Location</th></tr>
<tr><td bgcolor='#eeeeec' align='center'>1</td><td bgcolor='#eeeeec' align='center'>0.0001</td><td bgcolor='#eeeeec' align='right'>233032</td><td bgcolor='#eeeeec'>{main}(  )</td><td title='/var/www/ecommerce/index.php' bgcolor='#eeeeec'>../index.php<b>:</b>0</td></tr>

)
 
____________________________________________________________________________________________________

Logged from file : /var/www/ecommerce/index.php, at  line number :57 on October 25, 2014, 1:04 pm
  Exception Object
(
    [message:protected] => 
    [string:Exception:private] => 
    [code:protected] => 0
    [file:protected] => /var/www/ecommerce/index.php
    [line:protected] => 54
    [trace:Exception:private] => Array
        (
        )

    [previous:Exception:private] => 
    [xdebug_message] => <tr><th align='left' bgcolor='#f57900' colspan="5"><span style='background-color: #cc0000; color: #fce94f; font-size: x-large;'>( ! )</span> Exception:  in /var/www/ecommerce/index.php on line <i>54</i></th></tr>
<tr><th align='left' bgcolor='#e9b96e' colspan='5'>Call Stack</th></tr>
<tr><th align='center' bgcolor='#eeeeec'>#</th><th align='left' bgcolor='#eeeeec'>Time</th><th align='left' bgcolor='#eeeeec'>Memory</th><th align='left' bgcolor='#eeeeec'>Function</th><th align='left' bgcolor='#eeeeec'>Location</th></tr>
<tr><td bgcolor='#eeeeec' align='center'>1</td><td bgcolor='#eeeeec' align='center'>0.0000</td><td bgcolor='#eeeeec' align='right'>233032</td><td bgcolor='#eeeeec'>{main}(  )</td><td title='/var/www/ecommerce/index.php' bgcolor='#eeeeec'>../index.php<b>:</b>0</td></tr>

)
 
____________________________________________________________________________________________________

Logged from file : /var/www/ecommerce/index.php, at  line number :57 on October 25, 2014, 1:05 pm
  Exception Object
(
    [message:protected] => 
    [string:Exception:private] => 
    [code:protected] => 0
    [file:protected] => /var/www/ecommerce/index.php
    [line:protected] => 54
    [trace:Exception:private] => Array
        (
        )

    [previous:Exception:private] => 
    [xdebug_message] => <tr><th align='left' bgcolor='#f57900' colspan="5"><span style='background-color: #cc0000; color: #fce94f; font-size: x-large;'>( ! )</span> Exception:  in /var/www/ecommerce/index.php on line <i>54</i></th></tr>
<tr><th align='left' bgcolor='#e9b96e' colspan='5'>Call Stack</th></tr>
<tr><th align='center' bgcolor='#eeeeec'>#</th><th align='left' bgcolor='#eeeeec'>Time</th><th align='left' bgcolor='#eeeeec'>Memory</th><th align='left' bgcolor='#eeeeec'>Function</th><th align='left' bgcolor='#eeeeec'>Location</th></tr>
<tr><td bgcolor='#eeeeec' align='center'>1</td><td bgcolor='#eeeeec' align='center'>0.0000</td><td bgcolor='#eeeeec' align='right'>233112</td><td bgcolor='#eeeeec'>{main}(  )</td><td title='/var/www/ecommerce/index.php' bgcolor='#eeeeec'>../index.php<b>:</b>0</td></tr>

)
 
____________________________________________________________________________________________________

Logged from file : /var/www/ecommerce/index.php, at  line number :57 on October 25, 2014, 1:05 pm
  Exception Object
(
    [message:protected] => 
    [string:Exception:private] => 
    [code:protected] => 0
    [file:protected] => /var/www/ecommerce/index.php
    [line:protected] => 54
    [trace:Exception:private] => Array
        (
        )

    [previous:Exception:private] => 
    [xdebug_message] => <tr><th align='left' bgcolor='#f57900' colspan="5"><span style='background-color: #cc0000; color: #fce94f; font-size: x-large;'>( ! )</span> Exception:  in /var/www/ecommerce/index.php on line <i>54</i></th></tr>
<tr><th align='left' bgcolor='#e9b96e' colspan='5'>Call Stack</th></tr>
<tr><th align='center' bgcolor='#eeeeec'>#</th><th align='left' bgcolor='#eeeeec'>Time</th><th align='left' bgcolor='#eeeeec'>Memory</th><th align='left' bgcolor='#eeeeec'>Function</th><th align='left' bgcolor='#eeeeec'>Location</th></tr>
<tr><td bgcolor='#eeeeec' align='center'>1</td><td bgcolor='#eeeeec' align='center'>0.0001</td><td bgcolor='#eeeeec' align='right'>236728</td><td bgcolor='#eeeeec'>{main}(  )</td><td title='/var/www/ecommerce/index.php' bgcolor='#eeeeec'>../index.php<b>:</b>0</td></tr>

)
 
____________________________________________________________________________________________________

Logged from file : /var/www/ecommerce/index.php, at  line number :57 on October 25, 2014, 1:05 pm
  Exception Object
(
    [message:protected] => 
    [string:Exception:private] => 
    [code:protected] => 0
    [file:protected] => /var/www/ecommerce/index.php
    [line:protected] => 54
    [trace:Exception:private] => Array
        (
        )

    [previous:Exception:private] => 
    [xdebug_message] => <tr><th align='left' bgcolor='#f57900' colspan="5"><span style='background-color: #cc0000; color: #fce94f; font-size: x-large;'>( ! )</span> Exception:  in /var/www/ecommerce/index.php on line <i>54</i></th></tr>
<tr><th align='left' bgcolor='#e9b96e' colspan='5'>Call Stack</th></tr>
<tr><th align='center' bgcolor='#eeeeec'>#</th><th align='left' bgcolor='#eeeeec'>Time</th><th align='left' bgcolor='#eeeeec'>Memory</th><th align='left' bgcolor='#eeeeec'>Function</th><th align='left' bgcolor='#eeeeec'>Location</th></tr>
<tr><td bgcolor='#eeeeec' align='center'>1</td><td bgcolor='#eeeeec' align='center'>0.0001</td><td bgcolor='#eeeeec' align='right'>233128</td><td bgcolor='#eeeeec'>{main}(  )</td><td title='/var/www/ecommerce/index.php' bgcolor='#eeeeec'>../index.php<b>:</b>0</td></tr>

)
 
____________________________________________________________________________________________________

Logged from file : /var/www/ecommerce/index.php, at  line number :57 on October 25, 2014, 1:05 pm
  Exception Object
(
    [message:protected] => 
    [string:Exception:private] => 
    [code:protected] => 0
    [file:protected] => /var/www/ecommerce/index.php
    [line:protected] => 54
    [trace:Exception:private] => Array
        (
        )

    [previous:Exception:private] => 
    [xdebug_message] => <tr><th align='left' bgcolor='#f57900' colspan="5"><span style='background-color: #cc0000; color: #fce94f; font-size: x-large;'>( ! )</span> Exception:  in /var/www/ecommerce/index.php on line <i>54</i></th></tr>
<tr><th align='left' bgcolor='#e9b96e' colspan='5'>Call Stack</th></tr>
<tr><th align='center' bgcolor='#eeeeec'>#</th><th align='left' bgcolor='#eeeeec'>Time</th><th align='left' bgcolor='#eeeeec'>Memory</th><th align='left' bgcolor='#eeeeec'>Function</th><th align='left' bgcolor='#eeeeec'>Location</th></tr>
<tr><td bgcolor='#eeeeec' align='center'>1</td><td bgcolor='#eeeeec' align='center'>0.0000</td><td bgcolor='#eeeeec' align='right'>233128</td><td bgcolor='#eeeeec'>{main}(  )</td><td title='/var/www/ecommerce/index.php' bgcolor='#eeeeec'>../index.php<b>:</b>0</td></tr>

)
 
____________________________________________________________________________________________________

Logged from file : /var/www/ecommerce/index.php, at  line number :57 on October 25, 2014, 1:05 pm
  Exception Object
(
    [message:protected] => 
    [string:Exception:private] => 
    [code:protected] => 0
    [file:protected] => /var/www/ecommerce/index.php
    [line:protected] => 54
    [trace:Exception:private] => Array
        (
        )

    [previous:Exception:private] => 
    [xdebug_message] => <tr><th align='left' bgcolor='#f57900' colspan="5"><span style='background-color: #cc0000; color: #fce94f; font-size: x-large;'>( ! )</span> Exception:  in /var/www/ecommerce/index.php on line <i>54</i></th></tr>
<tr><th align='left' bgcolor='#e9b96e' colspan='5'>Call Stack</th></tr>
<tr><th align='center' bgcolor='#eeeeec'>#</th><th align='left' bgcolor='#eeeeec'>Time</th><th align='left' bgcolor='#eeeeec'>Memory</th><th align='left' bgcolor='#eeeeec'>Function</th><th align='left' bgcolor='#eeeeec'>Location</th></tr>
<tr><td bgcolor='#eeeeec' align='center'>1</td><td bgcolor='#eeeeec' align='center'>0.0000</td><td bgcolor='#eeeeec' align='right'>233112</td><td bgcolor='#eeeeec'>{main}(  )</td><td title='/var/www/ecommerce/index.php' bgcolor='#eeeeec'>../index.php<b>:</b>0</td></tr>

)
 
____________________________________________________________________________________________________

Logged from file : /var/www/ecommerce/index.php, at  line number :57 on October 25, 2014, 1:05 pm
  Exception Object
(
    [message:protected] => 
    [string:Exception:private] => 
    [code:protected] => 0
    [file:protected] => /var/www/ecommerce/index.php
    [line:protected] => 54
    [trace:Exception:private] => Array
        (
        )

    [previous:Exception:private] => 
    [xdebug_message] => <tr><th align='left' bgcolor='#f57900' colspan="5"><span style='background-color: #cc0000; color: #fce94f; font-size: x-large;'>( ! )</span> Exception:  in /var/www/ecommerce/index.php on line <i>54</i></th></tr>
<tr><th align='left' bgcolor='#e9b96e' colspan='5'>Call Stack</th></tr>
<tr><th align='center' bgcolor='#eeeeec'>#</th><th align='left' bgcolor='#eeeeec'>Time</th><th align='left' bgcolor='#eeeeec'>Memory</th><th align='left' bgcolor='#eeeeec'>Function</th><th align='left' bgcolor='#eeeeec'>Location</th></tr>
<tr><td bgcolor='#eeeeec' align='center'>1</td><td bgcolor='#eeeeec' align='center'>0.0000</td><td bgcolor='#eeeeec' align='right'>233128</td><td bgcolor='#eeeeec'>{main}(  )</td><td title='/var/www/ecommerce/index.php' bgcolor='#eeeeec'>../index.php<b>:</b>0</td></tr>

)
 
____________________________________________________________________________________________________

Logged from file : /var/www/ecommerce/index.php, at  line number :57 on October 25, 2014, 1:05 pm
  Exception Object
(
    [message:protected] => 
    [string:Exception:private] => 
    [code:protected] => 0
    [file:protected] => /var/www/ecommerce/index.php
    [line:protected] => 54
    [trace:Exception:private] => Array
        (
        )

    [previous:Exception:private] => 
    [xdebug_message] => <tr><th align='left' bgcolor='#f57900' colspan="5"><span style='background-color: #cc0000; color: #fce94f; font-size: x-large;'>( ! )</span> Exception:  in /var/www/ecommerce/index.php on line <i>54</i></th></tr>
<tr><th align='left' bgcolor='#e9b96e' colspan='5'>Call Stack</th></tr>
<tr><th align='center' bgcolor='#eeeeec'>#</th><th align='left' bgcolor='#eeeeec'>Time</th><th align='left' bgcolor='#eeeeec'>Memory</th><th align='left' bgcolor='#eeeeec'>Function</th><th align='left' bgcolor='#eeeeec'>Location</th></tr>
<tr><td bgcolor='#eeeeec' align='center'>1</td><td bgcolor='#eeeeec' align='center'>0.0000</td><td bgcolor='#eeeeec' align='right'>233112</td><td bgcolor='#eeeeec'>{main}(  )</td><td title='/var/www/ecommerce/index.php' bgcolor='#eeeeec'>../index.php<b>:</b>0</td></tr>

)
 
____________________________________________________________________________________________________

Logged from file : /var/www/ecommerce/index.php, at  line number :57 on October 25, 2014, 1:05 pm
  Exception Object
(
    [message:protected] => 
    [string:Exception:private] => 
    [code:protected] => 0
    [file:protected] => /var/www/ecommerce/index.php
    [line:protected] => 54
    [trace:Exception:private] => Array
        (
        )

    [previous:Exception:private] => 
    [xdebug_message] => <tr><th align='left' bgcolor='#f57900' colspan="5"><span style='background-color: #cc0000; color: #fce94f; font-size: x-large;'>( ! )</span> Exception:  in /var/www/ecommerce/index.php on line <i>54</i></th></tr>
<tr><th align='left' bgcolor='#e9b96e' colspan='5'>Call Stack</th></tr>
<tr><th align='center' bgcolor='#eeeeec'>#</th><th align='left' bgcolor='#eeeeec'>Time</th><th align='left' bgcolor='#eeeeec'>Memory</th><th align='left' bgcolor='#eeeeec'>Function</th><th align='left' bgcolor='#eeeeec'>Location</th></tr>
<tr><td bgcolor='#eeeeec' align='center'>1</td><td bgcolor='#eeeeec' align='center'>0.0000</td><td bgcolor='#eeeeec' align='right'>233112</td><td bgcolor='#eeeeec'>{main}(  )</td><td title='/var/www/ecommerce/index.php' bgcolor='#eeeeec'>../index.php<b>:</b>0</td></tr>

)
 
____________________________________________________________________________________________________

Logged from file : /var/www/ecommerce/index.php, at  line number :57 on October 25, 2014, 1:05 pm
  Exception Object
(
    [message:protected] => 
    [string:Exception:private] => 
    [code:protected] => 0
    [file:protected] => /var/www/ecommerce/index.php
    [line:protected] => 54
    [trace:Exception:private] => Array
        (
        )

    [previous:Exception:private] => 
    [xdebug_message] => <tr><th align='left' bgcolor='#f57900' colspan="5"><span style='background-color: #cc0000; color: #fce94f; font-size: x-large;'>( ! )</span> Exception:  in /var/www/ecommerce/index.php on line <i>54</i></th></tr>
<tr><th align='left' bgcolor='#e9b96e' colspan='5'>Call Stack</th></tr>
<tr><th align='center' bgcolor='#eeeeec'>#</th><th align='left' bgcolor='#eeeeec'>Time</th><th align='left' bgcolor='#eeeeec'>Memory</th><th align='left' bgcolor='#eeeeec'>Function</th><th align='left' bgcolor='#eeeeec'>Location</th></tr>
<tr><td bgcolor='#eeeeec' align='center'>1</td><td bgcolor='#eeeeec' align='center'>0.0000</td><td bgcolor='#eeeeec' align='right'>233112</td><td bgcolor='#eeeeec'>{main}(  )</td><td title='/var/www/ecommerce/index.php' bgcolor='#eeeeec'>../index.php<b>:</b>0</td></tr>

)
 
____________________________________________________________________________________________________

Logged from file : /var/www/ecommerce/index.php, at  line number :57 on October 25, 2014, 1:05 pm
  Exception Object
(
    [message:protected] => 
    [string:Exception:private] => 
    [code:protected] => 0
    [file:protected] => /var/www/ecommerce/index.php
    [line:protected] => 54
    [trace:Exception:private] => Array
        (
        )

    [previous:Exception:private] => 
    [xdebug_message] => <tr><th align='left' bgcolor='#f57900' colspan="5"><span style='background-color: #cc0000; color: #fce94f; font-size: x-large;'>( ! )</span> Exception:  in /var/www/ecommerce/index.php on line <i>54</i></th></tr>
<tr><th align='left' bgcolor='#e9b96e' colspan='5'>Call Stack</th></tr>
<tr><th align='center' bgcolor='#eeeeec'>#</th><th align='left' bgcolor='#eeeeec'>Time</th><th align='left' bgcolor='#eeeeec'>Memory</th><th align='left' bgcolor='#eeeeec'>Function</th><th align='left' bgcolor='#eeeeec'>Location</th></tr>
<tr><td bgcolor='#eeeeec' align='center'>1</td><td bgcolor='#eeeeec' align='center'>0.0000</td><td bgcolor='#eeeeec' align='right'>233112</td><td bgcolor='#eeeeec'>{main}(  )</td><td title='/var/www/ecommerce/index.php' bgcolor='#eeeeec'>../index.php<b>:</b>0</td></tr>

)
 
____________________________________________________________________________________________________

Logged from file : /var/www/ecommerce/index.php, at  line number :57 on October 25, 2014, 1:05 pm
  Exception Object
(
    [message:protected] => 
    [string:Exception:private] => 
    [code:protected] => 0
    [file:protected] => /var/www/ecommerce/index.php
    [line:protected] => 54
    [trace:Exception:private] => Array
        (
        )

    [previous:Exception:private] => 
    [xdebug_message] => <tr><th align='left' bgcolor='#f57900' colspan="5"><span style='background-color: #cc0000; color: #fce94f; font-size: x-large;'>( ! )</span> Exception:  in /var/www/ecommerce/index.php on line <i>54</i></th></tr>
<tr><th align='left' bgcolor='#e9b96e' colspan='5'>Call Stack</th></tr>
<tr><th align='center' bgcolor='#eeeeec'>#</th><th align='left' bgcolor='#eeeeec'>Time</th><th align='left' bgcolor='#eeeeec'>Memory</th><th align='left' bgcolor='#eeeeec'>Function</th><th align='left' bgcolor='#eeeeec'>Location</th></tr>
<tr><td bgcolor='#eeeeec' align='center'>1</td><td bgcolor='#eeeeec' align='center'>0.0000</td><td bgcolor='#eeeeec' align='right'>233128</td><td bgcolor='#eeeeec'>{main}(  )</td><td title='/var/www/ecommerce/index.php' bgcolor='#eeeeec'>../index.php<b>:</b>0</td></tr>

)
 
____________________________________________________________________________________________________

Logged from file : /var/www/ecommerce/index.php, at  line number :57 on October 25, 2014, 1:05 pm
  Exception Object
(
    [message:protected] => 
    [string:Exception:private] => 
    [code:protected] => 0
    [file:protected] => /var/www/ecommerce/index.php
    [line:protected] => 54
    [trace:Exception:private] => Array
        (
        )

    [previous:Exception:private] => 
    [xdebug_message] => <tr><th align='left' bgcolor='#f57900' colspan="5"><span style='background-color: #cc0000; color: #fce94f; font-size: x-large;'>( ! )</span> Exception:  in /var/www/ecommerce/index.php on line <i>54</i></th></tr>
<tr><th align='left' bgcolor='#e9b96e' colspan='5'>Call Stack</th></tr>
<tr><th align='center' bgcolor='#eeeeec'>#</th><th align='left' bgcolor='#eeeeec'>Time</th><th align='left' bgcolor='#eeeeec'>Memory</th><th align='left' bgcolor='#eeeeec'>Function</th><th align='left' bgcolor='#eeeeec'>Location</th></tr>
<tr><td bgcolor='#eeeeec' align='center'>1</td><td bgcolor='#eeeeec' align='center'>0.0000</td><td bgcolor='#eeeeec' align='right'>233112</td><td bgcolor='#eeeeec'>{main}(  )</td><td title='/var/www/ecommerce/index.php' bgcolor='#eeeeec'>../index.php<b>:</b>0</td></tr>

)
 
____________________________________________________________________________________________________

Logged from file : /var/www/ecommerce/index.php, at  line number :57 on October 25, 2014, 1:05 pm
  Exception Object
(
    [message:protected] => 
    [string:Exception:private] => 
    [code:protected] => 0
    [file:protected] => /var/www/ecommerce/index.php
    [line:protected] => 54
    [trace:Exception:private] => Array
        (
        )

    [previous:Exception:private] => 
    [xdebug_message] => <tr><th align='left' bgcolor='#f57900' colspan="5"><span style='background-color: #cc0000; color: #fce94f; font-size: x-large;'>( ! )</span> Exception:  in /var/www/ecommerce/index.php on line <i>54</i></th></tr>
<tr><th align='left' bgcolor='#e9b96e' colspan='5'>Call Stack</th></tr>
<tr><th align='center' bgcolor='#eeeeec'>#</th><th align='left' bgcolor='#eeeeec'>Time</th><th align='left' bgcolor='#eeeeec'>Memory</th><th align='left' bgcolor='#eeeeec'>Function</th><th align='left' bgcolor='#eeeeec'>Location</th></tr>
<tr><td bgcolor='#eeeeec' align='center'>1</td><td bgcolor='#eeeeec' align='center'>0.0000</td><td bgcolor='#eeeeec' align='right'>233112</td><td bgcolor='#eeeeec'>{main}(  )</td><td title='/var/www/ecommerce/index.php' bgcolor='#eeeeec'>../index.php<b>:</b>0</td></tr>

)
 
____________________________________________________________________________________________________

Logged from file : /var/www/ecommerce/index.php, at  line number :57 on October 25, 2014, 1:05 pm
  Exception Object
(
    [message:protected] => 
    [string:Exception:private] => 
    [code:protected] => 0
    [file:protected] => /var/www/ecommerce/index.php
    [line:protected] => 54
    [trace:Exception:private] => Array
        (
        )

    [previous:Exception:private] => 
    [xdebug_message] => <tr><th align='left' bgcolor='#f57900' colspan="5"><span style='background-color: #cc0000; color: #fce94f; font-size: x-large;'>( ! )</span> Exception:  in /var/www/ecommerce/index.php on line <i>54</i></th></tr>
<tr><th align='left' bgcolor='#e9b96e' colspan='5'>Call Stack</th></tr>
<tr><th align='center' bgcolor='#eeeeec'>#</th><th align='left' bgcolor='#eeeeec'>Time</th><th align='left' bgcolor='#eeeeec'>Memory</th><th align='left' bgcolor='#eeeeec'>Function</th><th align='left' bgcolor='#eeeeec'>Location</th></tr>
<tr><td bgcolor='#eeeeec' align='center'>1</td><td bgcolor='#eeeeec' align='center'>0.0000</td><td bgcolor='#eeeeec' align='right'>233112</td><td bgcolor='#eeeeec'>{main}(  )</td><td title='/var/www/ecommerce/index.php' bgcolor='#eeeeec'>../index.php<b>:</b>0</td></tr>

)
 
____________________________________________________________________________________________________

Logged from file : /var/www/ecommerce/index.php, at  line number :57 on October 25, 2014, 1:05 pm
  Exception Object
(
    [message:protected] => 
    [string:Exception:private] => 
    [code:protected] => 0
    [file:protected] => /var/www/ecommerce/index.php
    [line:protected] => 54
    [trace:Exception:private] => Array
        (
        )

    [previous:Exception:private] => 
    [xdebug_message] => <tr><th align='left' bgcolor='#f57900' colspan="5"><span style='background-color: #cc0000; color: #fce94f; font-size: x-large;'>( ! )</span> Exception:  in /var/www/ecommerce/index.php on line <i>54</i></th></tr>
<tr><th align='left' bgcolor='#e9b96e' colspan='5'>Call Stack</th></tr>
<tr><th align='center' bgcolor='#eeeeec'>#</th><th align='left' bgcolor='#eeeeec'>Time</th><th align='left' bgcolor='#eeeeec'>Memory</th><th align='left' bgcolor='#eeeeec'>Function</th><th align='left' bgcolor='#eeeeec'>Location</th></tr>
<tr><td bgcolor='#eeeeec' align='center'>1</td><td bgcolor='#eeeeec' align='center'>0.0000</td><td bgcolor='#eeeeec' align='right'>233128</td><td bgcolor='#eeeeec'>{main}(  )</td><td title='/var/www/ecommerce/index.php' bgcolor='#eeeeec'>../index.php<b>:</b>0</td></tr>

)
 
____________________________________________________________________________________________________

Logged from file : /var/www/ecommerce/index.php, at  line number :57 on October 25, 2014, 1:06 pm
  Exception Object
(
    [message:protected] => 
    [string:Exception:private] => 
    [code:protected] => 0
    [file:protected] => /var/www/ecommerce/index.php
    [line:protected] => 54
    [trace:Exception:private] => Array
        (
        )

    [previous:Exception:private] => 
    [xdebug_message] => <tr><th align='left' bgcolor='#f57900' colspan="5"><span style='background-color: #cc0000; color: #fce94f; font-size: x-large;'>( ! )</span> Exception:  in /var/www/ecommerce/index.php on line <i>54</i></th></tr>
<tr><th align='left' bgcolor='#e9b96e' colspan='5'>Call Stack</th></tr>
<tr><th align='center' bgcolor='#eeeeec'>#</th><th align='left' bgcolor='#eeeeec'>Time</th><th align='left' bgcolor='#eeeeec'>Memory</th><th align='left' bgcolor='#eeeeec'>Function</th><th align='left' bgcolor='#eeeeec'>Location</th></tr>
<tr><td bgcolor='#eeeeec' align='center'>1</td><td bgcolor='#eeeeec' align='center'>0.0000</td><td bgcolor='#eeeeec' align='right'>233128</td><td bgcolor='#eeeeec'>{main}(  )</td><td title='/var/www/ecommerce/index.php' bgcolor='#eeeeec'>../index.php<b>:</b>0</td></tr>

)
 
____________________________________________________________________________________________________

Logged from file : /var/www/ecommerce/index.php, at  line number :57 on October 25, 2014, 1:06 pm
  Exception Object
(
    [message:protected] => 
    [string:Exception:private] => 
    [code:protected] => 0
    [file:protected] => /var/www/ecommerce/index.php
    [line:protected] => 54
    [trace:Exception:private] => Array
        (
        )

    [previous:Exception:private] => 
    [xdebug_message] => <tr><th align='left' bgcolor='#f57900' colspan="5"><span style='background-color: #cc0000; color: #fce94f; font-size: x-large;'>( ! )</span> Exception:  in /var/www/ecommerce/index.php on line <i>54</i></th></tr>
<tr><th align='left' bgcolor='#e9b96e' colspan='5'>Call Stack</th></tr>
<tr><th align='center' bgcolor='#eeeeec'>#</th><th align='left' bgcolor='#eeeeec'>Time</th><th align='left' bgcolor='#eeeeec'>Memory</th><th align='left' bgcolor='#eeeeec'>Function</th><th align='left' bgcolor='#eeeeec'>Location</th></tr>
<tr><td bgcolor='#eeeeec' align='center'>1</td><td bgcolor='#eeeeec' align='center'>0.0000</td><td bgcolor='#eeeeec' align='right'>233128</td><td bgcolor='#eeeeec'>{main}(  )</td><td title='/var/www/ecommerce/index.php' bgcolor='#eeeeec'>../index.php<b>:</b>0</td></tr>

)
 
____________________________________________________________________________________________________

Logged from file : /var/www/ecommerce/index.php, at  line number :57 on October 25, 2014, 1:06 pm
  Exception Object
(
    [message:protected] => 
    [string:Exception:private] => 
    [code:protected] => 0
    [file:protected] => /var/www/ecommerce/index.php
    [line:protected] => 54
    [trace:Exception:private] => Array
        (
        )

    [previous:Exception:private] => 
    [xdebug_message] => <tr><th align='left' bgcolor='#f57900' colspan="5"><span style='background-color: #cc0000; color: #fce94f; font-size: x-large;'>( ! )</span> Exception:  in /var/www/ecommerce/index.php on line <i>54</i></th></tr>
<tr><th align='left' bgcolor='#e9b96e' colspan='5'>Call Stack</th></tr>
<tr><th align='center' bgcolor='#eeeeec'>#</th><th align='left' bgcolor='#eeeeec'>Time</th><th align='left' bgcolor='#eeeeec'>Memory</th><th align='left' bgcolor='#eeeeec'>Function</th><th align='left' bgcolor='#eeeeec'>Location</th></tr>
<tr><td bgcolor='#eeeeec' align='center'>1</td><td bgcolor='#eeeeec' align='center'>0.0001</td><td bgcolor='#eeeeec' align='right'>233112</td><td bgcolor='#eeeeec'>{main}(  )</td><td title='/var/www/ecommerce/index.php' bgcolor='#eeeeec'>../index.php<b>:</b>0</td></tr>

)
 
____________________________________________________________________________________________________

Logged from file : /var/www/ecommerce/index.php, at  line number :57 on October 25, 2014, 1:06 pm
  Exception Object
(
    [message:protected] => 
    [string:Exception:private] => 
    [code:protected] => 0
    [file:protected] => /var/www/ecommerce/index.php
    [line:protected] => 54
    [trace:Exception:private] => Array
        (
        )

    [previous:Exception:private] => 
    [xdebug_message] => <tr><th align='left' bgcolor='#f57900' colspan="5"><span style='background-color: #cc0000; color: #fce94f; font-size: x-large;'>( ! )</span> Exception:  in /var/www/ecommerce/index.php on line <i>54</i></th></tr>
<tr><th align='left' bgcolor='#e9b96e' colspan='5'>Call Stack</th></tr>
<tr><th align='center' bgcolor='#eeeeec'>#</th><th align='left' bgcolor='#eeeeec'>Time</th><th align='left' bgcolor='#eeeeec'>Memory</th><th align='left' bgcolor='#eeeeec'>Function</th><th align='left' bgcolor='#eeeeec'>Location</th></tr>
<tr><td bgcolor='#eeeeec' align='center'>1</td><td bgcolor='#eeeeec' align='center'>0.0001</td><td bgcolor='#eeeeec' align='right'>233112</td><td bgcolor='#eeeeec'>{main}(  )</td><td title='/var/www/ecommerce/index.php' bgcolor='#eeeeec'>../index.php<b>:</b>0</td></tr>

)
 
____________________________________________________________________________________________________

Logged from file : /var/www/ecommerce/index.php, at  line number :57 on October 25, 2014, 1:08 pm
  Exception Object
(
    [message:protected] => 
    [string:Exception:private] => 
    [code:protected] => 0
    [file:protected] => /var/www/ecommerce/index.php
    [line:protected] => 54
    [trace:Exception:private] => Array
        (
        )

    [previous:Exception:private] => 
    [xdebug_message] => <tr><th align='left' bgcolor='#f57900' colspan="5"><span style='background-color: #cc0000; color: #fce94f; font-size: x-large;'>( ! )</span> Exception:  in /var/www/ecommerce/index.php on line <i>54</i></th></tr>
<tr><th align='left' bgcolor='#e9b96e' colspan='5'>Call Stack</th></tr>
<tr><th align='center' bgcolor='#eeeeec'>#</th><th align='left' bgcolor='#eeeeec'>Time</th><th align='left' bgcolor='#eeeeec'>Memory</th><th align='left' bgcolor='#eeeeec'>Function</th><th align='left' bgcolor='#eeeeec'>Location</th></tr>
<tr><td bgcolor='#eeeeec' align='center'>1</td><td bgcolor='#eeeeec' align='center'>0.0001</td><td bgcolor='#eeeeec' align='right'>232648</td><td bgcolor='#eeeeec'>{main}(  )</td><td title='/var/www/ecommerce/index.php' bgcolor='#eeeeec'>../index.php<b>:</b>0</td></tr>

)
 
____________________________________________________________________________________________________

Logged from file : /var/www/ecommerce/index.php, at  line number :57 on October 25, 2014, 1:08 pm
  Exception Object
(
    [message:protected] => 
    [string:Exception:private] => 
    [code:protected] => 0
    [file:protected] => /var/www/ecommerce/index.php
    [line:protected] => 54
    [trace:Exception:private] => Array
        (
        )

    [previous:Exception:private] => 
    [xdebug_message] => <tr><th align='left' bgcolor='#f57900' colspan="5"><span style='background-color: #cc0000; color: #fce94f; font-size: x-large;'>( ! )</span> Exception:  in /var/www/ecommerce/index.php on line <i>54</i></th></tr>
<tr><th align='left' bgcolor='#e9b96e' colspan='5'>Call Stack</th></tr>
<tr><th align='center' bgcolor='#eeeeec'>#</th><th align='left' bgcolor='#eeeeec'>Time</th><th align='left' bgcolor='#eeeeec'>Memory</th><th align='left' bgcolor='#eeeeec'>Function</th><th align='left' bgcolor='#eeeeec'>Location</th></tr>
<tr><td bgcolor='#eeeeec' align='center'>1</td><td bgcolor='#eeeeec' align='center'>0.0000</td><td bgcolor='#eeeeec' align='right'>233128</td><td bgcolor='#eeeeec'>{main}(  )</td><td title='/var/www/ecommerce/index.php' bgcolor='#eeeeec'>../index.php<b>:</b>0</td></tr>

)
 
____________________________________________________________________________________________________

Logged from file : /var/www/ecommerce/index.php, at  line number :57 on October 25, 2014, 1:08 pm
  Exception Object
(
    [message:protected] => 
    [string:Exception:private] => 
    [code:protected] => 0
    [file:protected] => /var/www/ecommerce/index.php
    [line:protected] => 54
    [trace:Exception:private] => Array
        (
        )

    [previous:Exception:private] => 
    [xdebug_message] => <tr><th align='left' bgcolor='#f57900' colspan="5"><span style='background-color: #cc0000; color: #fce94f; font-size: x-large;'>( ! )</span> Exception:  in /var/www/ecommerce/index.php on line <i>54</i></th></tr>
<tr><th align='left' bgcolor='#e9b96e' colspan='5'>Call Stack</th></tr>
<tr><th align='center' bgcolor='#eeeeec'>#</th><th align='left' bgcolor='#eeeeec'>Time</th><th align='left' bgcolor='#eeeeec'>Memory</th><th align='left' bgcolor='#eeeeec'>Function</th><th align='left' bgcolor='#eeeeec'>Location</th></tr>
<tr><td bgcolor='#eeeeec' align='center'>1</td><td bgcolor='#eeeeec' align='center'>0.0000</td><td bgcolor='#eeeeec' align='right'>233128</td><td bgcolor='#eeeeec'>{main}(  )</td><td title='/var/www/ecommerce/index.php' bgcolor='#eeeeec'>../index.php<b>:</b>0</td></tr>

)
 
____________________________________________________________________________________________________

Logged from file : /var/www/ecommerce/index.php, at  line number :57 on October 25, 2014, 1:08 pm
  Exception Object
(
    [message:protected] => 
    [string:Exception:private] => 
    [code:protected] => 0
    [file:protected] => /var/www/ecommerce/index.php
    [line:protected] => 54
    [trace:Exception:private] => Array
        (
        )

    [previous:Exception:private] => 
    [xdebug_message] => <tr><th align='left' bgcolor='#f57900' colspan="5"><span style='background-color: #cc0000; color: #fce94f; font-size: x-large;'>( ! )</span> Exception:  in /var/www/ecommerce/index.php on line <i>54</i></th></tr>
<tr><th align='left' bgcolor='#e9b96e' colspan='5'>Call Stack</th></tr>
<tr><th align='center' bgcolor='#eeeeec'>#</th><th align='left' bgcolor='#eeeeec'>Time</th><th align='left' bgcolor='#eeeeec'>Memory</th><th align='left' bgcolor='#eeeeec'>Function</th><th align='left' bgcolor='#eeeeec'>Location</th></tr>
<tr><td bgcolor='#eeeeec' align='center'>1</td><td bgcolor='#eeeeec' align='center'>0.0000</td><td bgcolor='#eeeeec' align='right'>233112</td><td bgcolor='#eeeeec'>{main}(  )</td><td title='/var/www/ecommerce/index.php' bgcolor='#eeeeec'>../index.php<b>:</b>0</td></tr>

)
 
____________________________________________________________________________________________________

Logged from file : /var/www/ecommerce/index.php, at  line number :57 on October 25, 2014, 1:08 pm
  Exception Object
(
    [message:protected] => 
    [string:Exception:private] => 
    [code:protected] => 0
    [file:protected] => /var/www/ecommerce/index.php
    [line:protected] => 54
    [trace:Exception:private] => Array
        (
        )

    [previous:Exception:private] => 
    [xdebug_message] => <tr><th align='left' bgcolor='#f57900' colspan="5"><span style='background-color: #cc0000; color: #fce94f; font-size: x-large;'>( ! )</span> Exception:  in /var/www/ecommerce/index.php on line <i>54</i></th></tr>
<tr><th align='left' bgcolor='#e9b96e' colspan='5'>Call Stack</th></tr>
<tr><th align='center' bgcolor='#eeeeec'>#</th><th align='left' bgcolor='#eeeeec'>Time</th><th align='left' bgcolor='#eeeeec'>Memory</th><th align='left' bgcolor='#eeeeec'>Function</th><th align='left' bgcolor='#eeeeec'>Location</th></tr>
<tr><td bgcolor='#eeeeec' align='center'>1</td><td bgcolor='#eeeeec' align='center'>0.0000</td><td bgcolor='#eeeeec' align='right'>233128</td><td bgcolor='#eeeeec'>{main}(  )</td><td title='/var/www/ecommerce/index.php' bgcolor='#eeeeec'>../index.php<b>:</b>0</td></tr>

)
 
____________________________________________________________________________________________________

Logged from file : /var/www/ecommerce/index.php, at  line number :57 on October 25, 2014, 1:08 pm
  Exception Object
(
    [message:protected] => 
    [string:Exception:private] => 
    [code:protected] => 0
    [file:protected] => /var/www/ecommerce/index.php
    [line:protected] => 54
    [trace:Exception:private] => Array
        (
        )

    [previous:Exception:private] => 
    [xdebug_message] => <tr><th align='left' bgcolor='#f57900' colspan="5"><span style='background-color: #cc0000; color: #fce94f; font-size: x-large;'>( ! )</span> Exception:  in /var/www/ecommerce/index.php on line <i>54</i></th></tr>
<tr><th align='left' bgcolor='#e9b96e' colspan='5'>Call Stack</th></tr>
<tr><th align='center' bgcolor='#eeeeec'>#</th><th align='left' bgcolor='#eeeeec'>Time</th><th align='left' bgcolor='#eeeeec'>Memory</th><th align='left' bgcolor='#eeeeec'>Function</th><th align='left' bgcolor='#eeeeec'>Location</th></tr>
<tr><td bgcolor='#eeeeec' align='center'>1</td><td bgcolor='#eeeeec' align='center'>0.0000</td><td bgcolor='#eeeeec' align='right'>233112</td><td bgcolor='#eeeeec'>{main}(  )</td><td title='/var/www/ecommerce/index.php' bgcolor='#eeeeec'>../index.php<b>:</b>0</td></tr>

)
 
____________________________________________________________________________________________________

Logged from file : /var/www/ecommerce/index.php, at  line number :57 on October 25, 2014, 1:08 pm
  Exception Object
(
    [message:protected] => 
    [string:Exception:private] => 
    [code:protected] => 0
    [file:protected] => /var/www/ecommerce/index.php
    [line:protected] => 54
    [trace:Exception:private] => Array
        (
        )

    [previous:Exception:private] => 
    [xdebug_message] => <tr><th align='left' bgcolor='#f57900' colspan="5"><span style='background-color: #cc0000; color: #fce94f; font-size: x-large;'>( ! )</span> Exception:  in /var/www/ecommerce/index.php on line <i>54</i></th></tr>
<tr><th align='left' bgcolor='#e9b96e' colspan='5'>Call Stack</th></tr>
<tr><th align='center' bgcolor='#eeeeec'>#</th><th align='left' bgcolor='#eeeeec'>Time</th><th align='left' bgcolor='#eeeeec'>Memory</th><th align='left' bgcolor='#eeeeec'>Function</th><th align='left' bgcolor='#eeeeec'>Location</th></tr>
<tr><td bgcolor='#eeeeec' align='center'>1</td><td bgcolor='#eeeeec' align='center'>0.0000</td><td bgcolor='#eeeeec' align='right'>233112</td><td bgcolor='#eeeeec'>{main}(  )</td><td title='/var/www/ecommerce/index.php' bgcolor='#eeeeec'>../index.php<b>:</b>0</td></tr>

)
 
____________________________________________________________________________________________________

Logged from file : /var/www/ecommerce/index.php, at  line number :57 on October 25, 2014, 1:08 pm
  Exception Object
(
    [message:protected] => 
    [string:Exception:private] => 
    [code:protected] => 0
    [file:protected] => /var/www/ecommerce/index.php
    [line:protected] => 54
    [trace:Exception:private] => Array
        (
        )

    [previous:Exception:private] => 
    [xdebug_message] => <tr><th align='left' bgcolor='#f57900' colspan="5"><span style='background-color: #cc0000; color: #fce94f; font-size: x-large;'>( ! )</span> Exception:  in /var/www/ecommerce/index.php on line <i>54</i></th></tr>
<tr><th align='left' bgcolor='#e9b96e' colspan='5'>Call Stack</th></tr>
<tr><th align='center' bgcolor='#eeeeec'>#</th><th align='left' bgcolor='#eeeeec'>Time</th><th align='left' bgcolor='#eeeeec'>Memory</th><th align='left' bgcolor='#eeeeec'>Function</th><th align='left' bgcolor='#eeeeec'>Location</th></tr>
<tr><td bgcolor='#eeeeec' align='center'>1</td><td bgcolor='#eeeeec' align='center'>0.0000</td><td bgcolor='#eeeeec' align='right'>233112</td><td bgcolor='#eeeeec'>{main}(  )</td><td title='/var/www/ecommerce/index.php' bgcolor='#eeeeec'>../index.php<b>:</b>0</td></tr>

)
 
____________________________________________________________________________________________________

Logged from file : /var/www/ecommerce/index.php, at  line number :57 on October 25, 2014, 1:08 pm
  Exception Object
(
    [message:protected] => 
    [string:Exception:private] => 
    [code:protected] => 0
    [file:protected] => /var/www/ecommerce/index.php
    [line:protected] => 54
    [trace:Exception:private] => Array
        (
        )

    [previous:Exception:private] => 
    [xdebug_message] => <tr><th align='left' bgcolor='#f57900' colspan="5"><span style='background-color: #cc0000; color: #fce94f; font-size: x-large;'>( ! )</span> Exception:  in /var/www/ecommerce/index.php on line <i>54</i></th></tr>
<tr><th align='left' bgcolor='#e9b96e' colspan='5'>Call Stack</th></tr>
<tr><th align='center' bgcolor='#eeeeec'>#</th><th align='left' bgcolor='#eeeeec'>Time</th><th align='left' bgcolor='#eeeeec'>Memory</th><th align='left' bgcolor='#eeeeec'>Function</th><th align='left' bgcolor='#eeeeec'>Location</th></tr>
<tr><td bgcolor='#eeeeec' align='center'>1</td><td bgcolor='#eeeeec' align='center'>0.0000</td><td bgcolor='#eeeeec' align='right'>233128</td><td bgcolor='#eeeeec'>{main}(  )</td><td title='/var/www/ecommerce/index.php' bgcolor='#eeeeec'>../index.php<b>:</b>0</td></tr>

)
 
____________________________________________________________________________________________________

Logged from file : /var/www/ecommerce/index.php, at  line number :57 on October 25, 2014, 1:08 pm
  Exception Object
(
    [message:protected] => 
    [string:Exception:private] => 
    [code:protected] => 0
    [file:protected] => /var/www/ecommerce/index.php
    [line:protected] => 54
    [trace:Exception:private] => Array
        (
        )

    [previous:Exception:private] => 
    [xdebug_message] => <tr><th align='left' bgcolor='#f57900' colspan="5"><span style='background-color: #cc0000; color: #fce94f; font-size: x-large;'>( ! )</span> Exception:  in /var/www/ecommerce/index.php on line <i>54</i></th></tr>
<tr><th align='left' bgcolor='#e9b96e' colspan='5'>Call Stack</th></tr>
<tr><th align='center' bgcolor='#eeeeec'>#</th><th align='left' bgcolor='#eeeeec'>Time</th><th align='left' bgcolor='#eeeeec'>Memory</th><th align='left' bgcolor='#eeeeec'>Function</th><th align='left' bgcolor='#eeeeec'>Location</th></tr>
<tr><td bgcolor='#eeeeec' align='center'>1</td><td bgcolor='#eeeeec' align='center'>0.0000</td><td bgcolor='#eeeeec' align='right'>233112</td><td bgcolor='#eeeeec'>{main}(  )</td><td title='/var/www/ecommerce/index.php' bgcolor='#eeeeec'>../index.php<b>:</b>0</td></tr>

)
 
____________________________________________________________________________________________________

Logged from file : /var/www/ecommerce/index.php, at  line number :57 on October 25, 2014, 1:08 pm
  Exception Object
(
    [message:protected] => 
    [string:Exception:private] => 
    [code:protected] => 0
    [file:protected] => /var/www/ecommerce/index.php
    [line:protected] => 54
    [trace:Exception:private] => Array
        (
        )

    [previous:Exception:private] => 
    [xdebug_message] => <tr><th align='left' bgcolor='#f57900' colspan="5"><span style='background-color: #cc0000; color: #fce94f; font-size: x-large;'>( ! )</span> Exception:  in /var/www/ecommerce/index.php on line <i>54</i></th></tr>
<tr><th align='left' bgcolor='#e9b96e' colspan='5'>Call Stack</th></tr>
<tr><th align='center' bgcolor='#eeeeec'>#</th><th align='left' bgcolor='#eeeeec'>Time</th><th align='left' bgcolor='#eeeeec'>Memory</th><th align='left' bgcolor='#eeeeec'>Function</th><th align='left' bgcolor='#eeeeec'>Location</th></tr>
<tr><td bgcolor='#eeeeec' align='center'>1</td><td bgcolor='#eeeeec' align='center'>0.0000</td><td bgcolor='#eeeeec' align='right'>233128</td><td bgcolor='#eeeeec'>{main}(  )</td><td title='/var/www/ecommerce/index.php' bgcolor='#eeeeec'>../index.php<b>:</b>0</td></tr>

)
 
____________________________________________________________________________________________________

Logged from file : /var/www/ecommerce/index.php, at  line number :57 on October 25, 2014, 1:08 pm
  Exception Object
(
    [message:protected] => 
    [string:Exception:private] => 
    [code:protected] => 0
    [file:protected] => /var/www/ecommerce/index.php
    [line:protected] => 54
    [trace:Exception:private] => Array
        (
        )

    [previous:Exception:private] => 
    [xdebug_message] => <tr><th align='left' bgcolor='#f57900' colspan="5"><span style='background-color: #cc0000; color: #fce94f; font-size: x-large;'>( ! )</span> Exception:  in /var/www/ecommerce/index.php on line <i>54</i></th></tr>
<tr><th align='left' bgcolor='#e9b96e' colspan='5'>Call Stack</th></tr>
<tr><th align='center' bgcolor='#eeeeec'>#</th><th align='left' bgcolor='#eeeeec'>Time</th><th align='left' bgcolor='#eeeeec'>Memory</th><th align='left' bgcolor='#eeeeec'>Function</th><th align='left' bgcolor='#eeeeec'>Location</th></tr>
<tr><td bgcolor='#eeeeec' align='center'>1</td><td bgcolor='#eeeeec' align='center'>0.0000</td><td bgcolor='#eeeeec' align='right'>233112</td><td bgcolor='#eeeeec'>{main}(  )</td><td title='/var/www/ecommerce/index.php' bgcolor='#eeeeec'>../index.php<b>:</b>0</td></tr>

)
 
____________________________________________________________________________________________________

Logged from file : /var/www/ecommerce/index.php, at  line number :57 on October 25, 2014, 1:08 pm
  Exception Object
(
    [message:protected] => 
    [string:Exception:private] => 
    [code:protected] => 0
    [file:protected] => /var/www/ecommerce/index.php
    [line:protected] => 54
    [trace:Exception:private] => Array
        (
        )

    [previous:Exception:private] => 
    [xdebug_message] => <tr><th align='left' bgcolor='#f57900' colspan="5"><span style='background-color: #cc0000; color: #fce94f; font-size: x-large;'>( ! )</span> Exception:  in /var/www/ecommerce/index.php on line <i>54</i></th></tr>
<tr><th align='left' bgcolor='#e9b96e' colspan='5'>Call Stack</th></tr>
<tr><th align='center' bgcolor='#eeeeec'>#</th><th align='left' bgcolor='#eeeeec'>Time</th><th align='left' bgcolor='#eeeeec'>Memory</th><th align='left' bgcolor='#eeeeec'>Function</th><th align='left' bgcolor='#eeeeec'>Location</th></tr>
<tr><td bgcolor='#eeeeec' align='center'>1</td><td bgcolor='#eeeeec' align='center'>0.0000</td><td bgcolor='#eeeeec' align='right'>233128</td><td bgcolor='#eeeeec'>{main}(  )</td><td title='/var/www/ecommerce/index.php' bgcolor='#eeeeec'>../index.php<b>:</b>0</td></tr>

)
 
____________________________________________________________________________________________________

Logged from file : /var/www/ecommerce/index.php, at  line number :57 on October 25, 2014, 1:08 pm
  Exception Object
(
    [message:protected] => 
    [string:Exception:private] => 
    [code:protected] => 0
    [file:protected] => /var/www/ecommerce/index.php
    [line:protected] => 54
    [trace:Exception:private] => Array
        (
        )

    [previous:Exception:private] => 
    [xdebug_message] => <tr><th align='left' bgcolor='#f57900' colspan="5"><span style='background-color: #cc0000; color: #fce94f; font-size: x-large;'>( ! )</span> Exception:  in /var/www/ecommerce/index.php on line <i>54</i></th></tr>
<tr><th align='left' bgcolor='#e9b96e' colspan='5'>Call Stack</th></tr>
<tr><th align='center' bgcolor='#eeeeec'>#</th><th align='left' bgcolor='#eeeeec'>Time</th><th align='left' bgcolor='#eeeeec'>Memory</th><th align='left' bgcolor='#eeeeec'>Function</th><th align='left' bgcolor='#eeeeec'>Location</th></tr>
<tr><td bgcolor='#eeeeec' align='center'>1</td><td bgcolor='#eeeeec' align='center'>0.0000</td><td bgcolor='#eeeeec' align='right'>233112</td><td bgcolor='#eeeeec'>{main}(  )</td><td title='/var/www/ecommerce/index.php' bgcolor='#eeeeec'>../index.php<b>:</b>0</td></tr>

)
 
____________________________________________________________________________________________________

Logged from file : /var/www/ecommerce/index.php, at  line number :57 on October 25, 2014, 1:11 pm
  Exception Object
(
    [message:protected] => 
    [string:Exception:private] => 
    [code:protected] => 0
    [file:protected] => /var/www/ecommerce/index.php
    [line:protected] => 54
    [trace:Exception:private] => Array
        (
        )

    [previous:Exception:private] => 
    [xdebug_message] => <tr><th align='left' bgcolor='#f57900' colspan="5"><span style='background-color: #cc0000; color: #fce94f; font-size: x-large;'>( ! )</span> Exception:  in /var/www/ecommerce/index.php on line <i>54</i></th></tr>
<tr><th align='left' bgcolor='#e9b96e' colspan='5'>Call Stack</th></tr>
<tr><th align='center' bgcolor='#eeeeec'>#</th><th align='left' bgcolor='#eeeeec'>Time</th><th align='left' bgcolor='#eeeeec'>Memory</th><th align='left' bgcolor='#eeeeec'>Function</th><th align='left' bgcolor='#eeeeec'>Location</th></tr>
<tr><td bgcolor='#eeeeec' align='center'>1</td><td bgcolor='#eeeeec' align='center'>0.0000</td><td bgcolor='#eeeeec' align='right'>232632</td><td bgcolor='#eeeeec'>{main}(  )</td><td title='/var/www/ecommerce/index.php' bgcolor='#eeeeec'>../index.php<b>:</b>0</td></tr>

)
 
____________________________________________________________________________________________________

Logged from file : /var/www/ecommerce/index.php, at  line number :57 on October 25, 2014, 1:11 pm
  Exception Object
(
    [message:protected] => 
    [string:Exception:private] => 
    [code:protected] => 0
    [file:protected] => /var/www/ecommerce/index.php
    [line:protected] => 54
    [trace:Exception:private] => Array
        (
        )

    [previous:Exception:private] => 
    [xdebug_message] => <tr><th align='left' bgcolor='#f57900' colspan="5"><span style='background-color: #cc0000; color: #fce94f; font-size: x-large;'>( ! )</span> Exception:  in /var/www/ecommerce/index.php on line <i>54</i></th></tr>
<tr><th align='left' bgcolor='#e9b96e' colspan='5'>Call Stack</th></tr>
<tr><th align='center' bgcolor='#eeeeec'>#</th><th align='left' bgcolor='#eeeeec'>Time</th><th align='left' bgcolor='#eeeeec'>Memory</th><th align='left' bgcolor='#eeeeec'>Function</th><th align='left' bgcolor='#eeeeec'>Location</th></tr>
<tr><td bgcolor='#eeeeec' align='center'>1</td><td bgcolor='#eeeeec' align='center'>0.0000</td><td bgcolor='#eeeeec' align='right'>233112</td><td bgcolor='#eeeeec'>{main}(  )</td><td title='/var/www/ecommerce/index.php' bgcolor='#eeeeec'>../index.php<b>:</b>0</td></tr>

)
 
____________________________________________________________________________________________________

Logged from file : /var/www/ecommerce/index.php, at  line number :57 on October 25, 2014, 1:11 pm
  Exception Object
(
    [message:protected] => 
    [string:Exception:private] => 
    [code:protected] => 0
    [file:protected] => /var/www/ecommerce/index.php
    [line:protected] => 54
    [trace:Exception:private] => Array
        (
        )

    [previous:Exception:private] => 
    [xdebug_message] => <tr><th align='left' bgcolor='#f57900' colspan="5"><span style='background-color: #cc0000; color: #fce94f; font-size: x-large;'>( ! )</span> Exception:  in /var/www/ecommerce/index.php on line <i>54</i></th></tr>
<tr><th align='left' bgcolor='#e9b96e' colspan='5'>Call Stack</th></tr>
<tr><th align='center' bgcolor='#eeeeec'>#</th><th align='left' bgcolor='#eeeeec'>Time</th><th align='left' bgcolor='#eeeeec'>Memory</th><th align='left' bgcolor='#eeeeec'>Function</th><th align='left' bgcolor='#eeeeec'>Location</th></tr>
<tr><td bgcolor='#eeeeec' align='center'>1</td><td bgcolor='#eeeeec' align='center'>0.0000</td><td bgcolor='#eeeeec' align='right'>233112</td><td bgcolor='#eeeeec'>{main}(  )</td><td title='/var/www/ecommerce/index.php' bgcolor='#eeeeec'>../index.php<b>:</b>0</td></tr>

)
 
____________________________________________________________________________________________________

Logged from file : /var/www/ecommerce/index.php, at  line number :57 on October 25, 2014, 1:11 pm
  Exception Object
(
    [message:protected] => 
    [string:Exception:private] => 
    [code:protected] => 0
    [file:protected] => /var/www/ecommerce/index.php
    [line:protected] => 54
    [trace:Exception:private] => Array
        (
        )

    [previous:Exception:private] => 
    [xdebug_message] => <tr><th align='left' bgcolor='#f57900' colspan="5"><span style='background-color: #cc0000; color: #fce94f; font-size: x-large;'>( ! )</span> Exception:  in /var/www/ecommerce/index.php on line <i>54</i></th></tr>
<tr><th align='left' bgcolor='#e9b96e' colspan='5'>Call Stack</th></tr>
<tr><th align='center' bgcolor='#eeeeec'>#</th><th align='left' bgcolor='#eeeeec'>Time</th><th align='left' bgcolor='#eeeeec'>Memory</th><th align='left' bgcolor='#eeeeec'>Function</th><th align='left' bgcolor='#eeeeec'>Location</th></tr>
<tr><td bgcolor='#eeeeec' align='center'>1</td><td bgcolor='#eeeeec' align='center'>0.0000</td><td bgcolor='#eeeeec' align='right'>233112</td><td bgcolor='#eeeeec'>{main}(  )</td><td title='/var/www/ecommerce/index.php' bgcolor='#eeeeec'>../index.php<b>:</b>0</td></tr>

)
 
____________________________________________________________________________________________________

Logged from file : /var/www/ecommerce/index.php, at  line number :57 on October 25, 2014, 1:11 pm
  Exception Object
(
    [message:protected] => 
    [string:Exception:private] => 
    [code:protected] => 0
    [file:protected] => /var/www/ecommerce/index.php
    [line:protected] => 54
    [trace:Exception:private] => Array
        (
        )

    [previous:Exception:private] => 
    [xdebug_message] => <tr><th align='left' bgcolor='#f57900' colspan="5"><span style='background-color: #cc0000; color: #fce94f; font-size: x-large;'>( ! )</span> Exception:  in /var/www/ecommerce/index.php on line <i>54</i></th></tr>
<tr><th align='left' bgcolor='#e9b96e' colspan='5'>Call Stack</th></tr>
<tr><th align='center' bgcolor='#eeeeec'>#</th><th align='left' bgcolor='#eeeeec'>Time</th><th align='left' bgcolor='#eeeeec'>Memory</th><th align='left' bgcolor='#eeeeec'>Function</th><th align='left' bgcolor='#eeeeec'>Location</th></tr>
<tr><td bgcolor='#eeeeec' align='center'>1</td><td bgcolor='#eeeeec' align='center'>0.0000</td><td bgcolor='#eeeeec' align='right'>233128</td><td bgcolor='#eeeeec'>{main}(  )</td><td title='/var/www/ecommerce/index.php' bgcolor='#eeeeec'>../index.php<b>:</b>0</td></tr>

)
 
____________________________________________________________________________________________________

Logged from file : /var/www/ecommerce/index.php, at  line number :57 on October 25, 2014, 1:11 pm
  Exception Object
(
    [message:protected] => 
    [string:Exception:private] => 
    [code:protected] => 0
    [file:protected] => /var/www/ecommerce/index.php
    [line:protected] => 54
    [trace:Exception:private] => Array
        (
        )

    [previous:Exception:private] => 
    [xdebug_message] => <tr><th align='left' bgcolor='#f57900' colspan="5"><span style='background-color: #cc0000; color: #fce94f; font-size: x-large;'>( ! )</span> Exception:  in /var/www/ecommerce/index.php on line <i>54</i></th></tr>
<tr><th align='left' bgcolor='#e9b96e' colspan='5'>Call Stack</th></tr>
<tr><th align='center' bgcolor='#eeeeec'>#</th><th align='left' bgcolor='#eeeeec'>Time</th><th align='left' bgcolor='#eeeeec'>Memory</th><th align='left' bgcolor='#eeeeec'>Function</th><th align='left' bgcolor='#eeeeec'>Location</th></tr>
<tr><td bgcolor='#eeeeec' align='center'>1</td><td bgcolor='#eeeeec' align='center'>0.0000</td><td bgcolor='#eeeeec' align='right'>233112</td><td bgcolor='#eeeeec'>{main}(  )</td><td title='/var/www/ecommerce/index.php' bgcolor='#eeeeec'>../index.php<b>:</b>0</td></tr>

)
 
____________________________________________________________________________________________________

Logged from file : /var/www/ecommerce/index.php, at  line number :57 on October 25, 2014, 1:11 pm
  Exception Object
(
    [message:protected] => 
    [string:Exception:private] => 
    [code:protected] => 0
    [file:protected] => /var/www/ecommerce/index.php
    [line:protected] => 54
    [trace:Exception:private] => Array
        (
        )

    [previous:Exception:private] => 
    [xdebug_message] => <tr><th align='left' bgcolor='#f57900' colspan="5"><span style='background-color: #cc0000; color: #fce94f; font-size: x-large;'>( ! )</span> Exception:  in /var/www/ecommerce/index.php on line <i>54</i></th></tr>
<tr><th align='left' bgcolor='#e9b96e' colspan='5'>Call Stack</th></tr>
<tr><th align='center' bgcolor='#eeeeec'>#</th><th align='left' bgcolor='#eeeeec'>Time</th><th align='left' bgcolor='#eeeeec'>Memory</th><th align='left' bgcolor='#eeeeec'>Function</th><th align='left' bgcolor='#eeeeec'>Location</th></tr>
<tr><td bgcolor='#eeeeec' align='center'>1</td><td bgcolor='#eeeeec' align='center'>0.0000</td><td bgcolor='#eeeeec' align='right'>233112</td><td bgcolor='#eeeeec'>{main}(  )</td><td title='/var/www/ecommerce/index.php' bgcolor='#eeeeec'>../index.php<b>:</b>0</td></tr>

)
 
____________________________________________________________________________________________________

Logged from file : /var/www/ecommerce/index.php, at  line number :57 on October 25, 2014, 1:11 pm
  Exception Object
(
    [message:protected] => 
    [string:Exception:private] => 
    [code:protected] => 0
    [file:protected] => /var/www/ecommerce/index.php
    [line:protected] => 54
    [trace:Exception:private] => Array
        (
        )

    [previous:Exception:private] => 
    [xdebug_message] => <tr><th align='left' bgcolor='#f57900' colspan="5"><span style='background-color: #cc0000; color: #fce94f; font-size: x-large;'>( ! )</span> Exception:  in /var/www/ecommerce/index.php on line <i>54</i></th></tr>
<tr><th align='left' bgcolor='#e9b96e' colspan='5'>Call Stack</th></tr>
<tr><th align='center' bgcolor='#eeeeec'>#</th><th align='left' bgcolor='#eeeeec'>Time</th><th align='left' bgcolor='#eeeeec'>Memory</th><th align='left' bgcolor='#eeeeec'>Function</th><th align='left' bgcolor='#eeeeec'>Location</th></tr>
<tr><td bgcolor='#eeeeec' align='center'>1</td><td bgcolor='#eeeeec' align='center'>0.0000</td><td bgcolor='#eeeeec' align='right'>233112</td><td bgcolor='#eeeeec'>{main}(  )</td><td title='/var/www/ecommerce/index.php' bgcolor='#eeeeec'>../index.php<b>:</b>0</td></tr>

)
 
____________________________________________________________________________________________________

Logged from file : /var/www/ecommerce/index.php, at  line number :57 on October 25, 2014, 1:11 pm
  Exception Object
(
    [message:protected] => 
    [string:Exception:private] => 
    [code:protected] => 0
    [file:protected] => /var/www/ecommerce/index.php
    [line:protected] => 54
    [trace:Exception:private] => Array
        (
        )

    [previous:Exception:private] => 
    [xdebug_message] => <tr><th align='left' bgcolor='#f57900' colspan="5"><span style='background-color: #cc0000; color: #fce94f; font-size: x-large;'>( ! )</span> Exception:  in /var/www/ecommerce/index.php on line <i>54</i></th></tr>
<tr><th align='left' bgcolor='#e9b96e' colspan='5'>Call Stack</th></tr>
<tr><th align='center' bgcolor='#eeeeec'>#</th><th align='left' bgcolor='#eeeeec'>Time</th><th align='left' bgcolor='#eeeeec'>Memory</th><th align='left' bgcolor='#eeeeec'>Function</th><th align='left' bgcolor='#eeeeec'>Location</th></tr>
<tr><td bgcolor='#eeeeec' align='center'>1</td><td bgcolor='#eeeeec' align='center'>0.0000</td><td bgcolor='#eeeeec' align='right'>233128</td><td bgcolor='#eeeeec'>{main}(  )</td><td title='/var/www/ecommerce/index.php' bgcolor='#eeeeec'>../index.php<b>:</b>0</td></tr>

)
 
____________________________________________________________________________________________________

Logged from file : /var/www/ecommerce/index.php, at  line number :57 on October 25, 2014, 1:11 pm
  Exception Object
(
    [message:protected] => 
    [string:Exception:private] => 
    [code:protected] => 0
    [file:protected] => /var/www/ecommerce/index.php
    [line:protected] => 54
    [trace:Exception:private] => Array
        (
        )

    [previous:Exception:private] => 
    [xdebug_message] => <tr><th align='left' bgcolor='#f57900' colspan="5"><span style='background-color: #cc0000; color: #fce94f; font-size: x-large;'>( ! )</span> Exception:  in /var/www/ecommerce/index.php on line <i>54</i></th></tr>
<tr><th align='left' bgcolor='#e9b96e' colspan='5'>Call Stack</th></tr>
<tr><th align='center' bgcolor='#eeeeec'>#</th><th align='left' bgcolor='#eeeeec'>Time</th><th align='left' bgcolor='#eeeeec'>Memory</th><th align='left' bgcolor='#eeeeec'>Function</th><th align='left' bgcolor='#eeeeec'>Location</th></tr>
<tr><td bgcolor='#eeeeec' align='center'>1</td><td bgcolor='#eeeeec' align='center'>0.0000</td><td bgcolor='#eeeeec' align='right'>233112</td><td bgcolor='#eeeeec'>{main}(  )</td><td title='/var/www/ecommerce/index.php' bgcolor='#eeeeec'>../index.php<b>:</b>0</td></tr>

)
 
____________________________________________________________________________________________________

Logged from file : /var/www/ecommerce/index.php, at  line number :57 on October 25, 2014, 1:11 pm
  Exception Object
(
    [message:protected] => 
    [string:Exception:private] => 
    [code:protected] => 0
    [file:protected] => /var/www/ecommerce/index.php
    [line:protected] => 54
    [trace:Exception:private] => Array
        (
        )

    [previous:Exception:private] => 
    [xdebug_message] => <tr><th align='left' bgcolor='#f57900' colspan="5"><span style='background-color: #cc0000; color: #fce94f; font-size: x-large;'>( ! )</span> Exception:  in /var/www/ecommerce/index.php on line <i>54</i></th></tr>
<tr><th align='left' bgcolor='#e9b96e' colspan='5'>Call Stack</th></tr>
<tr><th align='center' bgcolor='#eeeeec'>#</th><th align='left' bgcolor='#eeeeec'>Time</th><th align='left' bgcolor='#eeeeec'>Memory</th><th align='left' bgcolor='#eeeeec'>Function</th><th align='left' bgcolor='#eeeeec'>Location</th></tr>
<tr><td bgcolor='#eeeeec' align='center'>1</td><td bgcolor='#eeeeec' align='center'>0.0000</td><td bgcolor='#eeeeec' align='right'>233112</td><td bgcolor='#eeeeec'>{main}(  )</td><td title='/var/www/ecommerce/index.php' bgcolor='#eeeeec'>../index.php<b>:</b>0</td></tr>

)
 
____________________________________________________________________________________________________

Logged from file : /var/www/ecommerce/index.php, at  line number :57 on October 25, 2014, 1:11 pm
  Exception Object
(
    [message:protected] => 
    [string:Exception:private] => 
    [code:protected] => 0
    [file:protected] => /var/www/ecommerce/index.php
    [line:protected] => 54
    [trace:Exception:private] => Array
        (
        )

    [previous:Exception:private] => 
    [xdebug_message] => <tr><th align='left' bgcolor='#f57900' colspan="5"><span style='background-color: #cc0000; color: #fce94f; font-size: x-large;'>( ! )</span> Exception:  in /var/www/ecommerce/index.php on line <i>54</i></th></tr>
<tr><th align='left' bgcolor='#e9b96e' colspan='5'>Call Stack</th></tr>
<tr><th align='center' bgcolor='#eeeeec'>#</th><th align='left' bgcolor='#eeeeec'>Time</th><th align='left' bgcolor='#eeeeec'>Memory</th><th align='left' bgcolor='#eeeeec'>Function</th><th align='left' bgcolor='#eeeeec'>Location</th></tr>
<tr><td bgcolor='#eeeeec' align='center'>1</td><td bgcolor='#eeeeec' align='center'>0.0000</td><td bgcolor='#eeeeec' align='right'>233112</td><td bgcolor='#eeeeec'>{main}(  )</td><td title='/var/www/ecommerce/index.php' bgcolor='#eeeeec'>../index.php<b>:</b>0</td></tr>

)
 
____________________________________________________________________________________________________

Logged from file : /var/www/ecommerce/index.php, at  line number :57 on October 25, 2014, 1:11 pm
  Exception Object
(
    [message:protected] => 
    [string:Exception:private] => 
    [code:protected] => 0
    [file:protected] => /var/www/ecommerce/index.php
    [line:protected] => 54
    [trace:Exception:private] => Array
        (
        )

    [previous:Exception:private] => 
    [xdebug_message] => <tr><th align='left' bgcolor='#f57900' colspan="5"><span style='background-color: #cc0000; color: #fce94f; font-size: x-large;'>( ! )</span> Exception:  in /var/www/ecommerce/index.php on line <i>54</i></th></tr>
<tr><th align='left' bgcolor='#e9b96e' colspan='5'>Call Stack</th></tr>
<tr><th align='center' bgcolor='#eeeeec'>#</th><th align='left' bgcolor='#eeeeec'>Time</th><th align='left' bgcolor='#eeeeec'>Memory</th><th align='left' bgcolor='#eeeeec'>Function</th><th align='left' bgcolor='#eeeeec'>Location</th></tr>
<tr><td bgcolor='#eeeeec' align='center'>1</td><td bgcolor='#eeeeec' align='center'>0.0000</td><td bgcolor='#eeeeec' align='right'>233128</td><td bgcolor='#eeeeec'>{main}(  )</td><td title='/var/www/ecommerce/index.php' bgcolor='#eeeeec'>../index.php<b>:</b>0</td></tr>

)
 
____________________________________________________________________________________________________

Logged from file : /var/www/ecommerce/index.php, at  line number :57 on October 25, 2014, 1:11 pm
  Exception Object
(
    [message:protected] => 
    [string:Exception:private] => 
    [code:protected] => 0
    [file:protected] => /var/www/ecommerce/index.php
    [line:protected] => 54
    [trace:Exception:private] => Array
        (
        )

    [previous:Exception:private] => 
    [xdebug_message] => <tr><th align='left' bgcolor='#f57900' colspan="5"><span style='background-color: #cc0000; color: #fce94f; font-size: x-large;'>( ! )</span> Exception:  in /var/www/ecommerce/index.php on line <i>54</i></th></tr>
<tr><th align='left' bgcolor='#e9b96e' colspan='5'>Call Stack</th></tr>
<tr><th align='center' bgcolor='#eeeeec'>#</th><th align='left' bgcolor='#eeeeec'>Time</th><th align='left' bgcolor='#eeeeec'>Memory</th><th align='left' bgcolor='#eeeeec'>Function</th><th align='left' bgcolor='#eeeeec'>Location</th></tr>
<tr><td bgcolor='#eeeeec' align='center'>1</td><td bgcolor='#eeeeec' align='center'>0.0000</td><td bgcolor='#eeeeec' align='right'>233112</td><td bgcolor='#eeeeec'>{main}(  )</td><td title='/var/www/ecommerce/index.php' bgcolor='#eeeeec'>../index.php<b>:</b>0</td></tr>

)
 
____________________________________________________________________________________________________

Logged from file : /var/www/ecommerce/index.php, at  line number :57 on October 25, 2014, 1:11 pm
  Exception Object
(
    [message:protected] => 
    [string:Exception:private] => 
    [code:protected] => 0
    [file:protected] => /var/www/ecommerce/index.php
    [line:protected] => 54
    [trace:Exception:private] => Array
        (
        )

    [previous:Exception:private] => 
    [xdebug_message] => <tr><th align='left' bgcolor='#f57900' colspan="5"><span style='background-color: #cc0000; color: #fce94f; font-size: x-large;'>( ! )</span> Exception:  in /var/www/ecommerce/index.php on line <i>54</i></th></tr>
<tr><th align='left' bgcolor='#e9b96e' colspan='5'>Call Stack</th></tr>
<tr><th align='center' bgcolor='#eeeeec'>#</th><th align='left' bgcolor='#eeeeec'>Time</th><th align='left' bgcolor='#eeeeec'>Memory</th><th align='left' bgcolor='#eeeeec'>Function</th><th align='left' bgcolor='#eeeeec'>Location</th></tr>
<tr><td bgcolor='#eeeeec' align='center'>1</td><td bgcolor='#eeeeec' align='center'>0.0000</td><td bgcolor='#eeeeec' align='right'>233112</td><td bgcolor='#eeeeec'>{main}(  )</td><td title='/var/www/ecommerce/index.php' bgcolor='#eeeeec'>../index.php<b>:</b>0</td></tr>

)
 
____________________________________________________________________________________________________

Logged from file : /var/www/ecommerce/index.php, at  line number :57 on October 25, 2014, 1:11 pm
  Exception Object
(
    [message:protected] => 
    [string:Exception:private] => 
    [code:protected] => 0
    [file:protected] => /var/www/ecommerce/index.php
    [line:protected] => 54
    [trace:Exception:private] => Array
        (
        )

    [previous:Exception:private] => 
    [xdebug_message] => <tr><th align='left' bgcolor='#f57900' colspan="5"><span style='background-color: #cc0000; color: #fce94f; font-size: x-large;'>( ! )</span> Exception:  in /var/www/ecommerce/index.php on line <i>54</i></th></tr>
<tr><th align='left' bgcolor='#e9b96e' colspan='5'>Call Stack</th></tr>
<tr><th align='center' bgcolor='#eeeeec'>#</th><th align='left' bgcolor='#eeeeec'>Time</th><th align='left' bgcolor='#eeeeec'>Memory</th><th align='left' bgcolor='#eeeeec'>Function</th><th align='left' bgcolor='#eeeeec'>Location</th></tr>
<tr><td bgcolor='#eeeeec' align='center'>1</td><td bgcolor='#eeeeec' align='center'>0.0000</td><td bgcolor='#eeeeec' align='right'>233112</td><td bgcolor='#eeeeec'>{main}(  )</td><td title='/var/www/ecommerce/index.php' bgcolor='#eeeeec'>../index.php<b>:</b>0</td></tr>

)
 
____________________________________________________________________________________________________

Logged from file : /var/www/ecommerce/index.php, at  line number :57 on October 25, 2014, 1:11 pm
  Exception Object
(
    [message:protected] => 
    [string:Exception:private] => 
    [code:protected] => 0
    [file:protected] => /var/www/ecommerce/index.php
    [line:protected] => 54
    [trace:Exception:private] => Array
        (
        )

    [previous:Exception:private] => 
    [xdebug_message] => <tr><th align='left' bgcolor='#f57900' colspan="5"><span style='background-color: #cc0000; color: #fce94f; font-size: x-large;'>( ! )</span> Exception:  in /var/www/ecommerce/index.php on line <i>54</i></th></tr>
<tr><th align='left' bgcolor='#e9b96e' colspan='5'>Call Stack</th></tr>
<tr><th align='center' bgcolor='#eeeeec'>#</th><th align='left' bgcolor='#eeeeec'>Time</th><th align='left' bgcolor='#eeeeec'>Memory</th><th align='left' bgcolor='#eeeeec'>Function</th><th align='left' bgcolor='#eeeeec'>Location</th></tr>
<tr><td bgcolor='#eeeeec' align='center'>1</td><td bgcolor='#eeeeec' align='center'>0.0001</td><td bgcolor='#eeeeec' align='right'>233128</td><td bgcolor='#eeeeec'>{main}(  )</td><td title='/var/www/ecommerce/index.php' bgcolor='#eeeeec'>../index.php<b>:</b>0</td></tr>

)
 
____________________________________________________________________________________________________

Logged from file : /var/www/ecommerce/index.php, at  line number :57 on October 25, 2014, 1:11 pm
  Exception Object
(
    [message:protected] => 
    [string:Exception:private] => 
    [code:protected] => 0
    [file:protected] => /var/www/ecommerce/index.php
    [line:protected] => 54
    [trace:Exception:private] => Array
        (
        )

    [previous:Exception:private] => 
    [xdebug_message] => <tr><th align='left' bgcolor='#f57900' colspan="5"><span style='background-color: #cc0000; color: #fce94f; font-size: x-large;'>( ! )</span> Exception:  in /var/www/ecommerce/index.php on line <i>54</i></th></tr>
<tr><th align='left' bgcolor='#e9b96e' colspan='5'>Call Stack</th></tr>
<tr><th align='center' bgcolor='#eeeeec'>#</th><th align='left' bgcolor='#eeeeec'>Time</th><th align='left' bgcolor='#eeeeec'>Memory</th><th align='left' bgcolor='#eeeeec'>Function</th><th align='left' bgcolor='#eeeeec'>Location</th></tr>
<tr><td bgcolor='#eeeeec' align='center'>1</td><td bgcolor='#eeeeec' align='center'>0.0000</td><td bgcolor='#eeeeec' align='right'>233112</td><td bgcolor='#eeeeec'>{main}(  )</td><td title='/var/www/ecommerce/index.php' bgcolor='#eeeeec'>../index.php<b>:</b>0</td></tr>

)
 
____________________________________________________________________________________________________

Logged from file : /var/www/ecommerce/index.php, at  line number :57 on October 25, 2014, 1:11 pm
  Exception Object
(
    [message:protected] => 
    [string:Exception:private] => 
    [code:protected] => 0
    [file:protected] => /var/www/ecommerce/index.php
    [line:protected] => 54
    [trace:Exception:private] => Array
        (
        )

    [previous:Exception:private] => 
    [xdebug_message] => <tr><th align='left' bgcolor='#f57900' colspan="5"><span style='background-color: #cc0000; color: #fce94f; font-size: x-large;'>( ! )</span> Exception:  in /var/www/ecommerce/index.php on line <i>54</i></th></tr>
<tr><th align='left' bgcolor='#e9b96e' colspan='5'>Call Stack</th></tr>
<tr><th align='center' bgcolor='#eeeeec'>#</th><th align='left' bgcolor='#eeeeec'>Time</th><th align='left' bgcolor='#eeeeec'>Memory</th><th align='left' bgcolor='#eeeeec'>Function</th><th align='left' bgcolor='#eeeeec'>Location</th></tr>
<tr><td bgcolor='#eeeeec' align='center'>1</td><td bgcolor='#eeeeec' align='center'>0.0000</td><td bgcolor='#eeeeec' align='right'>233112</td><td bgcolor='#eeeeec'>{main}(  )</td><td title='/var/www/ecommerce/index.php' bgcolor='#eeeeec'>../index.php<b>:</b>0</td></tr>

)
 
____________________________________________________________________________________________________

Logged from file : /var/www/ecommerce/index.php, at  line number :57 on October 25, 2014, 1:11 pm
  Exception Object
(
    [message:protected] => 
    [string:Exception:private] => 
    [code:protected] => 0
    [file:protected] => /var/www/ecommerce/index.php
    [line:protected] => 54
    [trace:Exception:private] => Array
        (
        )

    [previous:Exception:private] => 
    [xdebug_message] => <tr><th align='left' bgcolor='#f57900' colspan="5"><span style='background-color: #cc0000; color: #fce94f; font-size: x-large;'>( ! )</span> Exception:  in /var/www/ecommerce/index.php on line <i>54</i></th></tr>
<tr><th align='left' bgcolor='#e9b96e' colspan='5'>Call Stack</th></tr>
<tr><th align='center' bgcolor='#eeeeec'>#</th><th align='left' bgcolor='#eeeeec'>Time</th><th align='left' bgcolor='#eeeeec'>Memory</th><th align='left' bgcolor='#eeeeec'>Function</th><th align='left' bgcolor='#eeeeec'>Location</th></tr>
<tr><td bgcolor='#eeeeec' align='center'>1</td><td bgcolor='#eeeeec' align='center'>0.0001</td><td bgcolor='#eeeeec' align='right'>233112</td><td bgcolor='#eeeeec'>{main}(  )</td><td title='/var/www/ecommerce/index.php' bgcolor='#eeeeec'>../index.php<b>:</b>0</td></tr>

)
 
____________________________________________________________________________________________________

Logged from file : /var/www/ecommerce/index.php, at  line number :57 on October 25, 2014, 1:11 pm
  Exception Object
(
    [message:protected] => 
    [string:Exception:private] => 
    [code:protected] => 0
    [file:protected] => /var/www/ecommerce/index.php
    [line:protected] => 54
    [trace:Exception:private] => Array
        (
        )

    [previous:Exception:private] => 
    [xdebug_message] => <tr><th align='left' bgcolor='#f57900' colspan="5"><span style='background-color: #cc0000; color: #fce94f; font-size: x-large;'>( ! )</span> Exception:  in /var/www/ecommerce/index.php on line <i>54</i></th></tr>
<tr><th align='left' bgcolor='#e9b96e' colspan='5'>Call Stack</th></tr>
<tr><th align='center' bgcolor='#eeeeec'>#</th><th align='left' bgcolor='#eeeeec'>Time</th><th align='left' bgcolor='#eeeeec'>Memory</th><th align='left' bgcolor='#eeeeec'>Function</th><th align='left' bgcolor='#eeeeec'>Location</th></tr>
<tr><td bgcolor='#eeeeec' align='center'>1</td><td bgcolor='#eeeeec' align='center'>0.0000</td><td bgcolor='#eeeeec' align='right'>233128</td><td bgcolor='#eeeeec'>{main}(  )</td><td title='/var/www/ecommerce/index.php' bgcolor='#eeeeec'>../index.php<b>:</b>0</td></tr>

)
 
____________________________________________________________________________________________________

Logged from file : /var/www/ecommerce/index.php, at  line number :57 on October 25, 2014, 1:11 pm
  Exception Object
(
    [message:protected] => 
    [string:Exception:private] => 
    [code:protected] => 0
    [file:protected] => /var/www/ecommerce/index.php
    [line:protected] => 54
    [trace:Exception:private] => Array
        (
        )

    [previous:Exception:private] => 
    [xdebug_message] => <tr><th align='left' bgcolor='#f57900' colspan="5"><span style='background-color: #cc0000; color: #fce94f; font-size: x-large;'>( ! )</span> Exception:  in /var/www/ecommerce/index.php on line <i>54</i></th></tr>
<tr><th align='left' bgcolor='#e9b96e' colspan='5'>Call Stack</th></tr>
<tr><th align='center' bgcolor='#eeeeec'>#</th><th align='left' bgcolor='#eeeeec'>Time</th><th align='left' bgcolor='#eeeeec'>Memory</th><th align='left' bgcolor='#eeeeec'>Function</th><th align='left' bgcolor='#eeeeec'>Location</th></tr>
<tr><td bgcolor='#eeeeec' align='center'>1</td><td bgcolor='#eeeeec' align='center'>0.0001</td><td bgcolor='#eeeeec' align='right'>233112</td><td bgcolor='#eeeeec'>{main}(  )</td><td title='/var/www/ecommerce/index.php' bgcolor='#eeeeec'>../index.php<b>:</b>0</td></tr>

)
 
____________________________________________________________________________________________________

Logged from file : /var/www/ecommerce/index.php, at  line number :57 on October 25, 2014, 1:11 pm
  Exception Object
(
    [message:protected] => 
    [string:Exception:private] => 
    [code:protected] => 0
    [file:protected] => /var/www/ecommerce/index.php
    [line:protected] => 54
    [trace:Exception:private] => Array
        (
        )

    [previous:Exception:private] => 
    [xdebug_message] => <tr><th align='left' bgcolor='#f57900' colspan="5"><span style='background-color: #cc0000; color: #fce94f; font-size: x-large;'>( ! )</span> Exception:  in /var/www/ecommerce/index.php on line <i>54</i></th></tr>
<tr><th align='left' bgcolor='#e9b96e' colspan='5'>Call Stack</th></tr>
<tr><th align='center' bgcolor='#eeeeec'>#</th><th align='left' bgcolor='#eeeeec'>Time</th><th align='left' bgcolor='#eeeeec'>Memory</th><th align='left' bgcolor='#eeeeec'>Function</th><th align='left' bgcolor='#eeeeec'>Location</th></tr>
<tr><td bgcolor='#eeeeec' align='center'>1</td><td bgcolor='#eeeeec' align='center'>0.0000</td><td bgcolor='#eeeeec' align='right'>233112</td><td bgcolor='#eeeeec'>{main}(  )</td><td title='/var/www/ecommerce/index.php' bgcolor='#eeeeec'>../index.php<b>:</b>0</td></tr>

)
 
____________________________________________________________________________________________________

Logged from file : /var/www/ecommerce/index.php, at  line number :57 on October 25, 2014, 1:11 pm
  Exception Object
(
    [message:protected] => 
    [string:Exception:private] => 
    [code:protected] => 0
    [file:protected] => /var/www/ecommerce/index.php
    [line:protected] => 54
    [trace:Exception:private] => Array
        (
        )

    [previous:Exception:private] => 
    [xdebug_message] => <tr><th align='left' bgcolor='#f57900' colspan="5"><span style='background-color: #cc0000; color: #fce94f; font-size: x-large;'>( ! )</span> Exception:  in /var/www/ecommerce/index.php on line <i>54</i></th></tr>
<tr><th align='left' bgcolor='#e9b96e' colspan='5'>Call Stack</th></tr>
<tr><th align='center' bgcolor='#eeeeec'>#</th><th align='left' bgcolor='#eeeeec'>Time</th><th align='left' bgcolor='#eeeeec'>Memory</th><th align='left' bgcolor='#eeeeec'>Function</th><th align='left' bgcolor='#eeeeec'>Location</th></tr>
<tr><td bgcolor='#eeeeec' align='center'>1</td><td bgcolor='#eeeeec' align='center'>0.0000</td><td bgcolor='#eeeeec' align='right'>233128</td><td bgcolor='#eeeeec'>{main}(  )</td><td title='/var/www/ecommerce/index.php' bgcolor='#eeeeec'>../index.php<b>:</b>0</td></tr>

)
 
____________________________________________________________________________________________________

Logged from file : /var/www/ecommerce/index.php, at  line number :57 on October 25, 2014, 1:11 pm
  Exception Object
(
    [message:protected] => 
    [string:Exception:private] => 
    [code:protected] => 0
    [file:protected] => /var/www/ecommerce/index.php
    [line:protected] => 54
    [trace:Exception:private] => Array
        (
        )

    [previous:Exception:private] => 
    [xdebug_message] => <tr><th align='left' bgcolor='#f57900' colspan="5"><span style='background-color: #cc0000; color: #fce94f; font-size: x-large;'>( ! )</span> Exception:  in /var/www/ecommerce/index.php on line <i>54</i></th></tr>
<tr><th align='left' bgcolor='#e9b96e' colspan='5'>Call Stack</th></tr>
<tr><th align='center' bgcolor='#eeeeec'>#</th><th align='left' bgcolor='#eeeeec'>Time</th><th align='left' bgcolor='#eeeeec'>Memory</th><th align='left' bgcolor='#eeeeec'>Function</th><th align='left' bgcolor='#eeeeec'>Location</th></tr>
<tr><td bgcolor='#eeeeec' align='center'>1</td><td bgcolor='#eeeeec' align='center'>0.0000</td><td bgcolor='#eeeeec' align='right'>233112</td><td bgcolor='#eeeeec'>{main}(  )</td><td title='/var/www/ecommerce/index.php' bgcolor='#eeeeec'>../index.php<b>:</b>0</td></tr>

)
 
____________________________________________________________________________________________________

Logged from file : /var/www/ecommerce/index.php, at  line number :57 on October 25, 2014, 1:11 pm
  Exception Object
(
    [message:protected] => 
    [string:Exception:private] => 
    [code:protected] => 0
    [file:protected] => /var/www/ecommerce/index.php
    [line:protected] => 54
    [trace:Exception:private] => Array
        (
        )

    [previous:Exception:private] => 
    [xdebug_message] => <tr><th align='left' bgcolor='#f57900' colspan="5"><span style='background-color: #cc0000; color: #fce94f; font-size: x-large;'>( ! )</span> Exception:  in /var/www/ecommerce/index.php on line <i>54</i></th></tr>
<tr><th align='left' bgcolor='#e9b96e' colspan='5'>Call Stack</th></tr>
<tr><th align='center' bgcolor='#eeeeec'>#</th><th align='left' bgcolor='#eeeeec'>Time</th><th align='left' bgcolor='#eeeeec'>Memory</th><th align='left' bgcolor='#eeeeec'>Function</th><th align='left' bgcolor='#eeeeec'>Location</th></tr>
<tr><td bgcolor='#eeeeec' align='center'>1</td><td bgcolor='#eeeeec' align='center'>0.0000</td><td bgcolor='#eeeeec' align='right'>233112</td><td bgcolor='#eeeeec'>{main}(  )</td><td title='/var/www/ecommerce/index.php' bgcolor='#eeeeec'>../index.php<b>:</b>0</td></tr>

)
 
____________________________________________________________________________________________________

Logged from file : /var/www/ecommerce/index.php, at  line number :57 on October 25, 2014, 1:11 pm
  Exception Object
(
    [message:protected] => 
    [string:Exception:private] => 
    [code:protected] => 0
    [file:protected] => /var/www/ecommerce/index.php
    [line:protected] => 54
    [trace:Exception:private] => Array
        (
        )

    [previous:Exception:private] => 
    [xdebug_message] => <tr><th align='left' bgcolor='#f57900' colspan="5"><span style='background-color: #cc0000; color: #fce94f; font-size: x-large;'>( ! )</span> Exception:  in /var/www/ecommerce/index.php on line <i>54</i></th></tr>
<tr><th align='left' bgcolor='#e9b96e' colspan='5'>Call Stack</th></tr>
<tr><th align='center' bgcolor='#eeeeec'>#</th><th align='left' bgcolor='#eeeeec'>Time</th><th align='left' bgcolor='#eeeeec'>Memory</th><th align='left' bgcolor='#eeeeec'>Function</th><th align='left' bgcolor='#eeeeec'>Location</th></tr>
<tr><td bgcolor='#eeeeec' align='center'>1</td><td bgcolor='#eeeeec' align='center'>0.0000</td><td bgcolor='#eeeeec' align='right'>233112</td><td bgcolor='#eeeeec'>{main}(  )</td><td title='/var/www/ecommerce/index.php' bgcolor='#eeeeec'>../index.php<b>:</b>0</td></tr>

)
 
____________________________________________________________________________________________________

Logged from file : /var/www/ecommerce/index.php, at  line number :57 on October 25, 2014, 1:11 pm
  Exception Object
(
    [message:protected] => 
    [string:Exception:private] => 
    [code:protected] => 0
    [file:protected] => /var/www/ecommerce/index.php
    [line:protected] => 54
    [trace:Exception:private] => Array
        (
        )

    [previous:Exception:private] => 
    [xdebug_message] => <tr><th align='left' bgcolor='#f57900' colspan="5"><span style='background-color: #cc0000; color: #fce94f; font-size: x-large;'>( ! )</span> Exception:  in /var/www/ecommerce/index.php on line <i>54</i></th></tr>
<tr><th align='left' bgcolor='#e9b96e' colspan='5'>Call Stack</th></tr>
<tr><th align='center' bgcolor='#eeeeec'>#</th><th align='left' bgcolor='#eeeeec'>Time</th><th align='left' bgcolor='#eeeeec'>Memory</th><th align='left' bgcolor='#eeeeec'>Function</th><th align='left' bgcolor='#eeeeec'>Location</th></tr>
<tr><td bgcolor='#eeeeec' align='center'>1</td><td bgcolor='#eeeeec' align='center'>0.0000</td><td bgcolor='#eeeeec' align='right'>233128</td><td bgcolor='#eeeeec'>{main}(  )</td><td title='/var/www/ecommerce/index.php' bgcolor='#eeeeec'>../index.php<b>:</b>0</td></tr>

)
 
____________________________________________________________________________________________________

Logged from file : /var/www/ecommerce/index.php, at  line number :57 on October 25, 2014, 1:11 pm
  Exception Object
(
    [message:protected] => 
    [string:Exception:private] => 
    [code:protected] => 0
    [file:protected] => /var/www/ecommerce/index.php
    [line:protected] => 54
    [trace:Exception:private] => Array
        (
        )

    [previous:Exception:private] => 
    [xdebug_message] => <tr><th align='left' bgcolor='#f57900' colspan="5"><span style='background-color: #cc0000; color: #fce94f; font-size: x-large;'>( ! )</span> Exception:  in /var/www/ecommerce/index.php on line <i>54</i></th></tr>
<tr><th align='left' bgcolor='#e9b96e' colspan='5'>Call Stack</th></tr>
<tr><th align='center' bgcolor='#eeeeec'>#</th><th align='left' bgcolor='#eeeeec'>Time</th><th align='left' bgcolor='#eeeeec'>Memory</th><th align='left' bgcolor='#eeeeec'>Function</th><th align='left' bgcolor='#eeeeec'>Location</th></tr>
<tr><td bgcolor='#eeeeec' align='center'>1</td><td bgcolor='#eeeeec' align='center'>0.0000</td><td bgcolor='#eeeeec' align='right'>233112</td><td bgcolor='#eeeeec'>{main}(  )</td><td title='/var/www/ecommerce/index.php' bgcolor='#eeeeec'>../index.php<b>:</b>0</td></tr>

)
 
____________________________________________________________________________________________________

Logged from file : /var/www/ecommerce/index.php, at  line number :57 on October 25, 2014, 1:11 pm
  Exception Object
(
    [message:protected] => 
    [string:Exception:private] => 
    [code:protected] => 0
    [file:protected] => /var/www/ecommerce/index.php
    [line:protected] => 54
    [trace:Exception:private] => Array
        (
        )

    [previous:Exception:private] => 
    [xdebug_message] => <tr><th align='left' bgcolor='#f57900' colspan="5"><span style='background-color: #cc0000; color: #fce94f; font-size: x-large;'>( ! )</span> Exception:  in /var/www/ecommerce/index.php on line <i>54</i></th></tr>
<tr><th align='left' bgcolor='#e9b96e' colspan='5'>Call Stack</th></tr>
<tr><th align='center' bgcolor='#eeeeec'>#</th><th align='left' bgcolor='#eeeeec'>Time</th><th align='left' bgcolor='#eeeeec'>Memory</th><th align='left' bgcolor='#eeeeec'>Function</th><th align='left' bgcolor='#eeeeec'>Location</th></tr>
<tr><td bgcolor='#eeeeec' align='center'>1</td><td bgcolor='#eeeeec' align='center'>0.0001</td><td bgcolor='#eeeeec' align='right'>233112</td><td bgcolor='#eeeeec'>{main}(  )</td><td title='/var/www/ecommerce/index.php' bgcolor='#eeeeec'>../index.php<b>:</b>0</td></tr>

)
 
____________________________________________________________________________________________________

Logged from file : /var/www/ecommerce/index.php, at  line number :57 on October 25, 2014, 1:11 pm
  Exception Object
(
    [message:protected] => 
    [string:Exception:private] => 
    [code:protected] => 0
    [file:protected] => /var/www/ecommerce/index.php
    [line:protected] => 54
    [trace:Exception:private] => Array
        (
        )

    [previous:Exception:private] => 
    [xdebug_message] => <tr><th align='left' bgcolor='#f57900' colspan="5"><span style='background-color: #cc0000; color: #fce94f; font-size: x-large;'>( ! )</span> Exception:  in /var/www/ecommerce/index.php on line <i>54</i></th></tr>
<tr><th align='left' bgcolor='#e9b96e' colspan='5'>Call Stack</th></tr>
<tr><th align='center' bgcolor='#eeeeec'>#</th><th align='left' bgcolor='#eeeeec'>Time</th><th align='left' bgcolor='#eeeeec'>Memory</th><th align='left' bgcolor='#eeeeec'>Function</th><th align='left' bgcolor='#eeeeec'>Location</th></tr>
<tr><td bgcolor='#eeeeec' align='center'>1</td><td bgcolor='#eeeeec' align='center'>0.0000</td><td bgcolor='#eeeeec' align='right'>233112</td><td bgcolor='#eeeeec'>{main}(  )</td><td title='/var/www/ecommerce/index.php' bgcolor='#eeeeec'>../index.php<b>:</b>0</td></tr>

)
 
____________________________________________________________________________________________________

Logged from file : /var/www/ecommerce/index.php, at  line number :57 on October 25, 2014, 1:11 pm
  Exception Object
(
    [message:protected] => 
    [string:Exception:private] => 
    [code:protected] => 0
    [file:protected] => /var/www/ecommerce/index.php
    [line:protected] => 54
    [trace:Exception:private] => Array
        (
        )

    [previous:Exception:private] => 
    [xdebug_message] => <tr><th align='left' bgcolor='#f57900' colspan="5"><span style='background-color: #cc0000; color: #fce94f; font-size: x-large;'>( ! )</span> Exception:  in /var/www/ecommerce/index.php on line <i>54</i></th></tr>
<tr><th align='left' bgcolor='#e9b96e' colspan='5'>Call Stack</th></tr>
<tr><th align='center' bgcolor='#eeeeec'>#</th><th align='left' bgcolor='#eeeeec'>Time</th><th align='left' bgcolor='#eeeeec'>Memory</th><th align='left' bgcolor='#eeeeec'>Function</th><th align='left' bgcolor='#eeeeec'>Location</th></tr>
<tr><td bgcolor='#eeeeec' align='center'>1</td><td bgcolor='#eeeeec' align='center'>0.0000</td><td bgcolor='#eeeeec' align='right'>233128</td><td bgcolor='#eeeeec'>{main}(  )</td><td title='/var/www/ecommerce/index.php' bgcolor='#eeeeec'>../index.php<b>:</b>0</td></tr>

)
 
____________________________________________________________________________________________________

Logged from file : /var/www/ecommerce/index.php, at  line number :57 on October 25, 2014, 1:11 pm
  Exception Object
(
    [message:protected] => 
    [string:Exception:private] => 
    [code:protected] => 0
    [file:protected] => /var/www/ecommerce/index.php
    [line:protected] => 54
    [trace:Exception:private] => Array
        (
        )

    [previous:Exception:private] => 
    [xdebug_message] => <tr><th align='left' bgcolor='#f57900' colspan="5"><span style='background-color: #cc0000; color: #fce94f; font-size: x-large;'>( ! )</span> Exception:  in /var/www/ecommerce/index.php on line <i>54</i></th></tr>
<tr><th align='left' bgcolor='#e9b96e' colspan='5'>Call Stack</th></tr>
<tr><th align='center' bgcolor='#eeeeec'>#</th><th align='left' bgcolor='#eeeeec'>Time</th><th align='left' bgcolor='#eeeeec'>Memory</th><th align='left' bgcolor='#eeeeec'>Function</th><th align='left' bgcolor='#eeeeec'>Location</th></tr>
<tr><td bgcolor='#eeeeec' align='center'>1</td><td bgcolor='#eeeeec' align='center'>0.0000</td><td bgcolor='#eeeeec' align='right'>233128</td><td bgcolor='#eeeeec'>{main}(  )</td><td title='/var/www/ecommerce/index.php' bgcolor='#eeeeec'>../index.php<b>:</b>0</td></tr>

)
 
____________________________________________________________________________________________________

Logged from file : /var/www/ecommerce/index.php, at  line number :57 on October 25, 2014, 1:11 pm
  Exception Object
(
    [message:protected] => 
    [string:Exception:private] => 
    [code:protected] => 0
    [file:protected] => /var/www/ecommerce/index.php
    [line:protected] => 54
    [trace:Exception:private] => Array
        (
        )

    [previous:Exception:private] => 
    [xdebug_message] => <tr><th align='left' bgcolor='#f57900' colspan="5"><span style='background-color: #cc0000; color: #fce94f; font-size: x-large;'>( ! )</span> Exception:  in /var/www/ecommerce/index.php on line <i>54</i></th></tr>
<tr><th align='left' bgcolor='#e9b96e' colspan='5'>Call Stack</th></tr>
<tr><th align='center' bgcolor='#eeeeec'>#</th><th align='left' bgcolor='#eeeeec'>Time</th><th align='left' bgcolor='#eeeeec'>Memory</th><th align='left' bgcolor='#eeeeec'>Function</th><th align='left' bgcolor='#eeeeec'>Location</th></tr>
<tr><td bgcolor='#eeeeec' align='center'>1</td><td bgcolor='#eeeeec' align='center'>0.0001</td><td bgcolor='#eeeeec' align='right'>233112</td><td bgcolor='#eeeeec'>{main}(  )</td><td title='/var/www/ecommerce/index.php' bgcolor='#eeeeec'>../index.php<b>:</b>0</td></tr>

)
 
____________________________________________________________________________________________________

Logged from file : /var/www/ecommerce/index.php, at  line number :57 on October 25, 2014, 1:11 pm
  Exception Object
(
    [message:protected] => 
    [string:Exception:private] => 
    [code:protected] => 0
    [file:protected] => /var/www/ecommerce/index.php
    [line:protected] => 54
    [trace:Exception:private] => Array
        (
        )

    [previous:Exception:private] => 
    [xdebug_message] => <tr><th align='left' bgcolor='#f57900' colspan="5"><span style='background-color: #cc0000; color: #fce94f; font-size: x-large;'>( ! )</span> Exception:  in /var/www/ecommerce/index.php on line <i>54</i></th></tr>
<tr><th align='left' bgcolor='#e9b96e' colspan='5'>Call Stack</th></tr>
<tr><th align='center' bgcolor='#eeeeec'>#</th><th align='left' bgcolor='#eeeeec'>Time</th><th align='left' bgcolor='#eeeeec'>Memory</th><th align='left' bgcolor='#eeeeec'>Function</th><th align='left' bgcolor='#eeeeec'>Location</th></tr>
<tr><td bgcolor='#eeeeec' align='center'>1</td><td bgcolor='#eeeeec' align='center'>0.0000</td><td bgcolor='#eeeeec' align='right'>233112</td><td bgcolor='#eeeeec'>{main}(  )</td><td title='/var/www/ecommerce/index.php' bgcolor='#eeeeec'>../index.php<b>:</b>0</td></tr>

)
 
____________________________________________________________________________________________________

Logged from file : /var/www/ecommerce/index.php, at  line number :57 on October 25, 2014, 1:11 pm
  Exception Object
(
    [message:protected] => 
    [string:Exception:private] => 
    [code:protected] => 0
    [file:protected] => /var/www/ecommerce/index.php
    [line:protected] => 54
    [trace:Exception:private] => Array
        (
        )

    [previous:Exception:private] => 
    [xdebug_message] => <tr><th align='left' bgcolor='#f57900' colspan="5"><span style='background-color: #cc0000; color: #fce94f; font-size: x-large;'>( ! )</span> Exception:  in /var/www/ecommerce/index.php on line <i>54</i></th></tr>
<tr><th align='left' bgcolor='#e9b96e' colspan='5'>Call Stack</th></tr>
<tr><th align='center' bgcolor='#eeeeec'>#</th><th align='left' bgcolor='#eeeeec'>Time</th><th align='left' bgcolor='#eeeeec'>Memory</th><th align='left' bgcolor='#eeeeec'>Function</th><th align='left' bgcolor='#eeeeec'>Location</th></tr>
<tr><td bgcolor='#eeeeec' align='center'>1</td><td bgcolor='#eeeeec' align='center'>0.0001</td><td bgcolor='#eeeeec' align='right'>233112</td><td bgcolor='#eeeeec'>{main}(  )</td><td title='/var/www/ecommerce/index.php' bgcolor='#eeeeec'>../index.php<b>:</b>0</td></tr>

)
 
____________________________________________________________________________________________________

Logged from file : /var/www/ecommerce/index.php, at  line number :57 on October 25, 2014, 1:11 pm
  Exception Object
(
    [message:protected] => 
    [string:Exception:private] => 
    [code:protected] => 0
    [file:protected] => /var/www/ecommerce/index.php
    [line:protected] => 54
    [trace:Exception:private] => Array
        (
        )

    [previous:Exception:private] => 
    [xdebug_message] => <tr><th align='left' bgcolor='#f57900' colspan="5"><span style='background-color: #cc0000; color: #fce94f; font-size: x-large;'>( ! )</span> Exception:  in /var/www/ecommerce/index.php on line <i>54</i></th></tr>
<tr><th align='left' bgcolor='#e9b96e' colspan='5'>Call Stack</th></tr>
<tr><th align='center' bgcolor='#eeeeec'>#</th><th align='left' bgcolor='#eeeeec'>Time</th><th align='left' bgcolor='#eeeeec'>Memory</th><th align='left' bgcolor='#eeeeec'>Function</th><th align='left' bgcolor='#eeeeec'>Location</th></tr>
<tr><td bgcolor='#eeeeec' align='center'>1</td><td bgcolor='#eeeeec' align='center'>0.0000</td><td bgcolor='#eeeeec' align='right'>233128</td><td bgcolor='#eeeeec'>{main}(  )</td><td title='/var/www/ecommerce/index.php' bgcolor='#eeeeec'>../index.php<b>:</b>0</td></tr>

)
 
____________________________________________________________________________________________________

Logged from file : /var/www/ecommerce/index.php, at  line number :57 on October 25, 2014, 1:11 pm
  Exception Object
(
    [message:protected] => 
    [string:Exception:private] => 
    [code:protected] => 0
    [file:protected] => /var/www/ecommerce/index.php
    [line:protected] => 54
    [trace:Exception:private] => Array
        (
        )

    [previous:Exception:private] => 
    [xdebug_message] => <tr><th align='left' bgcolor='#f57900' colspan="5"><span style='background-color: #cc0000; color: #fce94f; font-size: x-large;'>( ! )</span> Exception:  in /var/www/ecommerce/index.php on line <i>54</i></th></tr>
<tr><th align='left' bgcolor='#e9b96e' colspan='5'>Call Stack</th></tr>
<tr><th align='center' bgcolor='#eeeeec'>#</th><th align='left' bgcolor='#eeeeec'>Time</th><th align='left' bgcolor='#eeeeec'>Memory</th><th align='left' bgcolor='#eeeeec'>Function</th><th align='left' bgcolor='#eeeeec'>Location</th></tr>
<tr><td bgcolor='#eeeeec' align='center'>1</td><td bgcolor='#eeeeec' align='center'>0.0000</td><td bgcolor='#eeeeec' align='right'>233112</td><td bgcolor='#eeeeec'>{main}(  )</td><td title='/var/www/ecommerce/index.php' bgcolor='#eeeeec'>../index.php<b>:</b>0</td></tr>

)
 
____________________________________________________________________________________________________

Logged from file : /var/www/ecommerce/index.php, at  line number :57 on October 25, 2014, 1:11 pm
  Exception Object
(
    [message:protected] => 
    [string:Exception:private] => 
    [code:protected] => 0
    [file:protected] => /var/www/ecommerce/index.php
    [line:protected] => 54
    [trace:Exception:private] => Array
        (
        )

    [previous:Exception:private] => 
    [xdebug_message] => <tr><th align='left' bgcolor='#f57900' colspan="5"><span style='background-color: #cc0000; color: #fce94f; font-size: x-large;'>( ! )</span> Exception:  in /var/www/ecommerce/index.php on line <i>54</i></th></tr>
<tr><th align='left' bgcolor='#e9b96e' colspan='5'>Call Stack</th></tr>
<tr><th align='center' bgcolor='#eeeeec'>#</th><th align='left' bgcolor='#eeeeec'>Time</th><th align='left' bgcolor='#eeeeec'>Memory</th><th align='left' bgcolor='#eeeeec'>Function</th><th align='left' bgcolor='#eeeeec'>Location</th></tr>
<tr><td bgcolor='#eeeeec' align='center'>1</td><td bgcolor='#eeeeec' align='center'>0.0000</td><td bgcolor='#eeeeec' align='right'>233112</td><td bgcolor='#eeeeec'>{main}(  )</td><td title='/var/www/ecommerce/index.php' bgcolor='#eeeeec'>../index.php<b>:</b>0</td></tr>

)
 
____________________________________________________________________________________________________

Logged from file : /var/www/ecommerce/index.php, at  line number :57 on October 25, 2014, 1:12 pm
  Exception Object
(
    [message:protected] => 
    [string:Exception:private] => 
    [code:protected] => 0
    [file:protected] => /var/www/ecommerce/index.php
    [line:protected] => 54
    [trace:Exception:private] => Array
        (
        )

    [previous:Exception:private] => 
    [xdebug_message] => <tr><th align='left' bgcolor='#f57900' colspan="5"><span style='background-color: #cc0000; color: #fce94f; font-size: x-large;'>( ! )</span> Exception:  in /var/www/ecommerce/index.php on line <i>54</i></th></tr>
<tr><th align='left' bgcolor='#e9b96e' colspan='5'>Call Stack</th></tr>
<tr><th align='center' bgcolor='#eeeeec'>#</th><th align='left' bgcolor='#eeeeec'>Time</th><th align='left' bgcolor='#eeeeec'>Memory</th><th align='left' bgcolor='#eeeeec'>Function</th><th align='left' bgcolor='#eeeeec'>Location</th></tr>
<tr><td bgcolor='#eeeeec' align='center'>1</td><td bgcolor='#eeeeec' align='center'>0.0000</td><td bgcolor='#eeeeec' align='right'>236736</td><td bgcolor='#eeeeec'>{main}(  )</td><td title='/var/www/ecommerce/index.php' bgcolor='#eeeeec'>../index.php<b>:</b>0</td></tr>

)
 
____________________________________________________________________________________________________
